2023-02-21 10:42:41.247  WARN 68824 --- [HikariPool-2 housekeeper] com.zaxxer.hikari.pool.HikariPool        : HikariPool-2 - Thread starvation or clock leap detected (housekeeper delta=16h41m37s658ms967µs200ns).
2023-02-21 10:51:40.222  INFO 82836 --- [main] com.example.demo.MockitoTest             : Starting MockitoTest using Java 17.0.4.1 on CLAP3335 with PID 82836 (started by dineshkumar.mr in C:\Users\dineshkumar.mr\Documents\workspace-spring-tool-suite-4-4.16.1.RELEASE\CrudOperations)
2023-02-21 10:51:40.224 DEBUG 82836 --- [main] com.example.demo.MockitoTest             : Running with Spring Boot v2.7.5, Spring v5.3.23
2023-02-21 10:51:40.225  INFO 82836 --- [main] com.example.demo.MockitoTest             : No active profile set, falling back to 1 default profile: "default"
2023-02-21 10:51:41.425  INFO 82836 --- [main] .s.d.r.c.RepositoryConfigurationDelegate : Bootstrapping Spring Data JPA repositories in DEFAULT mode.
2023-02-21 10:51:41.514  INFO 82836 --- [main] .s.d.r.c.RepositoryConfigurationDelegate : Finished Spring Data repository scanning in 71 ms. Found 1 JPA repository interfaces.
2023-02-21 10:51:42.025  INFO 82836 --- [main] trationDelegate$BeanPostProcessorChecker : Bean 'org.springframework.ws.config.annotation.DelegatingWsConfiguration' of type [org.springframework.ws.config.annotation.DelegatingWsConfiguration$$EnhancerBySpringCGLIB$$b9bffab0] is not eligible for getting processed by all BeanPostProcessors (for example: not eligible for auto-proxying)
2023-02-21 10:51:42.115  INFO 82836 --- [main] .w.s.a.s.AnnotationActionEndpointMapping : Supporting [WS-Addressing August 2004, WS-Addressing 1.0]
2023-02-21 10:51:42.758  INFO 82836 --- [main] o.hibernate.jpa.internal.util.LogHelper  : HHH000204: Processing PersistenceUnitInfo [name: default]
2023-02-21 10:51:42.851  INFO 82836 --- [main] org.hibernate.Version                    : HHH000412: Hibernate ORM core version 5.6.12.Final
2023-02-21 10:51:43.144  INFO 82836 --- [main] o.hibernate.annotations.common.Version   : HCANN000001: Hibernate Commons Annotations {5.1.2.Final}
2023-02-21 10:51:43.386  INFO 82836 --- [main] com.zaxxer.hikari.HikariDataSource       : HikariPool-1 - Starting...
2023-02-21 10:51:43.811  INFO 82836 --- [main] com.zaxxer.hikari.HikariDataSource       : HikariPool-1 - Start completed.
2023-02-21 10:51:43.865  INFO 82836 --- [main] org.hibernate.dialect.Dialect            : HHH000400: Using dialect: org.hibernate.dialect.MySQL8Dialect
2023-02-21 10:51:44.808  INFO 82836 --- [main] o.h.e.t.j.p.i.JtaPlatformInitiator       : HHH000490: Using JtaPlatform implementation: [org.hibernate.engine.transaction.jta.platform.internal.NoJtaPlatform]
2023-02-21 10:51:44.825  INFO 82836 --- [main] j.LocalContainerEntityManagerFactoryBean : Initialized JPA EntityManagerFactory for persistence unit 'default'
2023-02-21 10:51:46.108  WARN 82836 --- [main] JpaBaseConfiguration$JpaWebConfiguration : spring.jpa.open-in-view is enabled by default. Therefore, database queries may be performed during view rendering. Explicitly configure spring.jpa.open-in-view to disable this warning
2023-02-21 10:51:48.735  INFO 82836 --- [main] o.s.s.web.DefaultSecurityFilterChain     : Will secure any request with [org.springframework.security.web.session.DisableEncodeUrlFilter@19993ed, org.springframework.security.web.context.request.async.WebAsyncManagerIntegrationFilter@7479cdf7, org.springframework.security.web.context.SecurityContextPersistenceFilter@50e32998, org.springframework.security.web.header.HeaderWriterFilter@392af2e0, org.springframework.security.web.csrf.CsrfFilter@8a0a1d1, org.springframework.security.web.authentication.logout.LogoutFilter@581cb879, org.springframework.security.web.authentication.UsernamePasswordAuthenticationFilter@f28ee19, org.springframework.security.web.authentication.ui.DefaultLoginPageGeneratingFilter@5e2525fe, org.springframework.security.web.authentication.ui.DefaultLogoutPageGeneratingFilter@71852f76, org.springframework.security.web.authentication.www.BasicAuthenticationFilter@234adbe2, org.springframework.security.web.savedrequest.RequestCacheAwareFilter@318ca53a, org.springframework.security.web.servletapi.SecurityContextHolderAwareRequestFilter@ab11e76, org.springframework.security.web.authentication.AnonymousAuthenticationFilter@308f18c0, org.springframework.security.web.session.SessionManagementFilter@64c79b69, org.springframework.security.web.access.ExceptionTranslationFilter@729eef5f, org.springframework.security.web.access.intercept.FilterSecurityInterceptor@1297cf8]
2023-02-21 10:51:48.977  INFO 82836 --- [main] com.example.demo.MockitoTest             : Started MockitoTest in 9.3 seconds (JVM running for 10.89)
2023-02-21 10:51:49.449  INFO 82836 --- [SpringApplicationShutdownHook] j.LocalContainerEntityManagerFactoryBean : Closing JPA EntityManagerFactory for persistence unit 'default'
2023-02-21 10:51:49.452  INFO 82836 --- [SpringApplicationShutdownHook] com.zaxxer.hikari.HikariDataSource       : HikariPool-1 - Shutdown initiated...
2023-02-21 10:51:49.465  INFO 82836 --- [SpringApplicationShutdownHook] com.zaxxer.hikari.HikariDataSource       : HikariPool-1 - Shutdown completed.
2023-02-21 10:52:08.708  INFO 82200 --- [main] com.example.demo.MockitoTest             : Starting MockitoTest using Java 17.0.4.1 on CLAP3335 with PID 82200 (started by dineshkumar.mr in C:\Users\dineshkumar.mr\Documents\workspace-spring-tool-suite-4-4.16.1.RELEASE\CrudOperations)
2023-02-21 10:52:08.710 DEBUG 82200 --- [main] com.example.demo.MockitoTest             : Running with Spring Boot v2.7.5, Spring v5.3.23
2023-02-21 10:52:08.710  INFO 82200 --- [main] com.example.demo.MockitoTest             : No active profile set, falling back to 1 default profile: "default"
2023-02-21 10:52:09.738  INFO 82200 --- [main] .s.d.r.c.RepositoryConfigurationDelegate : Bootstrapping Spring Data JPA repositories in DEFAULT mode.
2023-02-21 10:52:09.859  INFO 82200 --- [main] .s.d.r.c.RepositoryConfigurationDelegate : Finished Spring Data repository scanning in 104 ms. Found 1 JPA repository interfaces.
2023-02-21 10:52:10.399  INFO 82200 --- [main] trationDelegate$BeanPostProcessorChecker : Bean 'org.springframework.ws.config.annotation.DelegatingWsConfiguration' of type [org.springframework.ws.config.annotation.DelegatingWsConfiguration$$EnhancerBySpringCGLIB$$63a705df] is not eligible for getting processed by all BeanPostProcessors (for example: not eligible for auto-proxying)
2023-02-21 10:52:10.495  INFO 82200 --- [main] .w.s.a.s.AnnotationActionEndpointMapping : Supporting [WS-Addressing August 2004, WS-Addressing 1.0]
2023-02-21 10:52:11.136  INFO 82200 --- [main] o.hibernate.jpa.internal.util.LogHelper  : HHH000204: Processing PersistenceUnitInfo [name: default]
2023-02-21 10:52:11.225  INFO 82200 --- [main] org.hibernate.Version                    : HHH000412: Hibernate ORM core version 5.6.12.Final
2023-02-21 10:52:11.520  INFO 82200 --- [main] o.hibernate.annotations.common.Version   : HCANN000001: Hibernate Commons Annotations {5.1.2.Final}
2023-02-21 10:52:11.747  INFO 82200 --- [main] com.zaxxer.hikari.HikariDataSource       : HikariPool-1 - Starting...
2023-02-21 10:52:12.193  INFO 82200 --- [main] com.zaxxer.hikari.HikariDataSource       : HikariPool-1 - Start completed.
2023-02-21 10:52:12.252  INFO 82200 --- [main] org.hibernate.dialect.Dialect            : HHH000400: Using dialect: org.hibernate.dialect.MySQL8Dialect
2023-02-21 10:52:13.180  INFO 82200 --- [main] o.h.e.t.j.p.i.JtaPlatformInitiator       : HHH000490: Using JtaPlatform implementation: [org.hibernate.engine.transaction.jta.platform.internal.NoJtaPlatform]
2023-02-21 10:52:13.202  INFO 82200 --- [main] j.LocalContainerEntityManagerFactoryBean : Initialized JPA EntityManagerFactory for persistence unit 'default'
2023-02-21 10:52:14.518  WARN 82200 --- [main] JpaBaseConfiguration$JpaWebConfiguration : spring.jpa.open-in-view is enabled by default. Therefore, database queries may be performed during view rendering. Explicitly configure spring.jpa.open-in-view to disable this warning
2023-02-21 10:52:17.107  INFO 82200 --- [main] o.s.s.web.DefaultSecurityFilterChain     : Will secure any request with [org.springframework.security.web.session.DisableEncodeUrlFilter@73299197, org.springframework.security.web.context.request.async.WebAsyncManagerIntegrationFilter@4ef7145f, org.springframework.security.web.context.SecurityContextPersistenceFilter@43a9988a, org.springframework.security.web.header.HeaderWriterFilter@5c7c22ce, org.springframework.security.web.csrf.CsrfFilter@696d28ee, org.springframework.security.web.authentication.logout.LogoutFilter@701a79b, org.springframework.security.web.authentication.UsernamePasswordAuthenticationFilter@541d8a9e, org.springframework.security.web.authentication.ui.DefaultLoginPageGeneratingFilter@36d7e8d2, org.springframework.security.web.authentication.ui.DefaultLogoutPageGeneratingFilter@1611ce1c, org.springframework.security.web.authentication.www.BasicAuthenticationFilter@37e15055, org.springframework.security.web.savedrequest.RequestCacheAwareFilter@37e967df, org.springframework.security.web.servletapi.SecurityContextHolderAwareRequestFilter@16a89351, org.springframework.security.web.authentication.AnonymousAuthenticationFilter@40cd02fc, org.springframework.security.web.session.SessionManagementFilter@517fb2c3, org.springframework.security.web.access.ExceptionTranslationFilter@515a2afd, org.springframework.security.web.access.intercept.FilterSecurityInterceptor@3b2317b7]
2023-02-21 10:52:17.351  INFO 82200 --- [main] com.example.demo.MockitoTest             : Started MockitoTest in 9.162 seconds (JVM running for 10.799)
2023-02-21 10:52:17.817  INFO 82200 --- [SpringApplicationShutdownHook] j.LocalContainerEntityManagerFactoryBean : Closing JPA EntityManagerFactory for persistence unit 'default'
2023-02-21 10:52:17.820  INFO 82200 --- [SpringApplicationShutdownHook] com.zaxxer.hikari.HikariDataSource       : HikariPool-1 - Shutdown initiated...
2023-02-21 10:52:17.831  INFO 82200 --- [SpringApplicationShutdownHook] com.zaxxer.hikari.HikariDataSource       : HikariPool-1 - Shutdown completed.
2023-02-21 10:52:46.409  INFO 76852 --- [main] com.example.demo.MockitoTest             : Starting MockitoTest using Java 17.0.4.1 on CLAP3335 with PID 76852 (started by dineshkumar.mr in C:\Users\dineshkumar.mr\Documents\workspace-spring-tool-suite-4-4.16.1.RELEASE\CrudOperations)
2023-02-21 10:52:46.411 DEBUG 76852 --- [main] com.example.demo.MockitoTest             : Running with Spring Boot v2.7.5, Spring v5.3.23
2023-02-21 10:52:46.413  INFO 76852 --- [main] com.example.demo.MockitoTest             : No active profile set, falling back to 1 default profile: "default"
2023-02-21 10:52:47.424  INFO 76852 --- [main] .s.d.r.c.RepositoryConfigurationDelegate : Bootstrapping Spring Data JPA repositories in DEFAULT mode.
2023-02-21 10:52:47.499  INFO 76852 --- [main] .s.d.r.c.RepositoryConfigurationDelegate : Finished Spring Data repository scanning in 62 ms. Found 1 JPA repository interfaces.
2023-02-21 10:52:47.931  INFO 76852 --- [main] trationDelegate$BeanPostProcessorChecker : Bean 'org.springframework.ws.config.annotation.DelegatingWsConfiguration' of type [org.springframework.ws.config.annotation.DelegatingWsConfiguration$$EnhancerBySpringCGLIB$$63a705df] is not eligible for getting processed by all BeanPostProcessors (for example: not eligible for auto-proxying)
2023-02-21 10:52:47.997  INFO 76852 --- [main] .w.s.a.s.AnnotationActionEndpointMapping : Supporting [WS-Addressing August 2004, WS-Addressing 1.0]
2023-02-21 10:52:48.582  INFO 76852 --- [main] o.hibernate.jpa.internal.util.LogHelper  : HHH000204: Processing PersistenceUnitInfo [name: default]
2023-02-21 10:52:48.667  INFO 76852 --- [main] org.hibernate.Version                    : HHH000412: Hibernate ORM core version 5.6.12.Final
2023-02-21 10:52:48.934  INFO 76852 --- [main] o.hibernate.annotations.common.Version   : HCANN000001: Hibernate Commons Annotations {5.1.2.Final}
2023-02-21 10:52:49.136  INFO 76852 --- [main] com.zaxxer.hikari.HikariDataSource       : HikariPool-1 - Starting...
2023-02-21 10:52:49.511  INFO 76852 --- [main] com.zaxxer.hikari.HikariDataSource       : HikariPool-1 - Start completed.
2023-02-21 10:52:49.560  INFO 76852 --- [main] org.hibernate.dialect.Dialect            : HHH000400: Using dialect: org.hibernate.dialect.MySQL8Dialect
2023-02-21 10:52:50.473  INFO 76852 --- [main] o.h.e.t.j.p.i.JtaPlatformInitiator       : HHH000490: Using JtaPlatform implementation: [org.hibernate.engine.transaction.jta.platform.internal.NoJtaPlatform]
2023-02-21 10:52:50.488  INFO 76852 --- [main] j.LocalContainerEntityManagerFactoryBean : Initialized JPA EntityManagerFactory for persistence unit 'default'
2023-02-21 10:52:51.849  WARN 76852 --- [main] JpaBaseConfiguration$JpaWebConfiguration : spring.jpa.open-in-view is enabled by default. Therefore, database queries may be performed during view rendering. Explicitly configure spring.jpa.open-in-view to disable this warning
2023-02-21 10:52:54.318  INFO 76852 --- [main] o.s.s.web.DefaultSecurityFilterChain     : Will secure any request with [org.springframework.security.web.session.DisableEncodeUrlFilter@7a59780b, org.springframework.security.web.context.request.async.WebAsyncManagerIntegrationFilter@5205b3e2, org.springframework.security.web.context.SecurityContextPersistenceFilter@31a9eaa, org.springframework.security.web.header.HeaderWriterFilter@622e39d, org.springframework.security.web.csrf.CsrfFilter@2524f9bf, org.springframework.security.web.authentication.logout.LogoutFilter@54ee423f, org.springframework.security.web.authentication.UsernamePasswordAuthenticationFilter@5d7f4cbb, org.springframework.security.web.authentication.ui.DefaultLoginPageGeneratingFilter@1d0f03f6, org.springframework.security.web.authentication.ui.DefaultLogoutPageGeneratingFilter@2802caa2, org.springframework.security.web.authentication.www.BasicAuthenticationFilter@9742012, org.springframework.security.web.savedrequest.RequestCacheAwareFilter@20e4e27f, org.springframework.security.web.servletapi.SecurityContextHolderAwareRequestFilter@36d7e8d2, org.springframework.security.web.authentication.AnonymousAuthenticationFilter@6b9f5dcf, org.springframework.security.web.session.SessionManagementFilter@45f32b12, org.springframework.security.web.access.ExceptionTranslationFilter@328b2c2a, org.springframework.security.web.access.intercept.FilterSecurityInterceptor@731bdcca]
2023-02-21 10:52:54.551  INFO 76852 --- [main] com.example.demo.MockitoTest             : Started MockitoTest in 8.58 seconds (JVM running for 10.213)
2023-02-21 10:52:55.007  INFO 76852 --- [SpringApplicationShutdownHook] j.LocalContainerEntityManagerFactoryBean : Closing JPA EntityManagerFactory for persistence unit 'default'
2023-02-21 10:52:55.011  INFO 76852 --- [SpringApplicationShutdownHook] com.zaxxer.hikari.HikariDataSource       : HikariPool-1 - Shutdown initiated...
2023-02-21 10:52:55.020  INFO 76852 --- [SpringApplicationShutdownHook] com.zaxxer.hikari.HikariDataSource       : HikariPool-1 - Shutdown completed.
2023-02-21 11:02:00.689  INFO 82452 --- [main] com.example.demo.MockitoTest             : Starting MockitoTest using Java 17.0.4.1 on CLAP3335 with PID 82452 (started by dineshkumar.mr in C:\Users\dineshkumar.mr\Documents\workspace-spring-tool-suite-4-4.16.1.RELEASE\CrudOperations)
2023-02-21 11:02:00.690 DEBUG 82452 --- [main] com.example.demo.MockitoTest             : Running with Spring Boot v2.7.5, Spring v5.3.23
2023-02-21 11:02:00.691  INFO 82452 --- [main] com.example.demo.MockitoTest             : No active profile set, falling back to 1 default profile: "default"
2023-02-21 11:02:01.754  INFO 82452 --- [main] .s.d.r.c.RepositoryConfigurationDelegate : Bootstrapping Spring Data JPA repositories in DEFAULT mode.
2023-02-21 11:02:01.842  INFO 82452 --- [main] .s.d.r.c.RepositoryConfigurationDelegate : Finished Spring Data repository scanning in 70 ms. Found 1 JPA repository interfaces.
2023-02-21 11:02:02.376  INFO 82452 --- [main] trationDelegate$BeanPostProcessorChecker : Bean 'org.springframework.ws.config.annotation.DelegatingWsConfiguration' of type [org.springframework.ws.config.annotation.DelegatingWsConfiguration$$EnhancerBySpringCGLIB$$9486ed84] is not eligible for getting processed by all BeanPostProcessors (for example: not eligible for auto-proxying)
2023-02-21 11:02:02.458  INFO 82452 --- [main] .w.s.a.s.AnnotationActionEndpointMapping : Supporting [WS-Addressing August 2004, WS-Addressing 1.0]
2023-02-21 11:02:03.156  INFO 82452 --- [main] o.hibernate.jpa.internal.util.LogHelper  : HHH000204: Processing PersistenceUnitInfo [name: default]
2023-02-21 11:02:03.260  INFO 82452 --- [main] org.hibernate.Version                    : HHH000412: Hibernate ORM core version 5.6.12.Final
2023-02-21 11:02:03.532  INFO 82452 --- [main] o.hibernate.annotations.common.Version   : HCANN000001: Hibernate Commons Annotations {5.1.2.Final}
2023-02-21 11:02:03.771  INFO 82452 --- [main] com.zaxxer.hikari.HikariDataSource       : HikariPool-1 - Starting...
2023-02-21 11:02:04.226  INFO 82452 --- [main] com.zaxxer.hikari.HikariDataSource       : HikariPool-1 - Start completed.
2023-02-21 11:02:04.280  INFO 82452 --- [main] org.hibernate.dialect.Dialect            : HHH000400: Using dialect: org.hibernate.dialect.MySQL8Dialect
2023-02-21 11:02:05.273  INFO 82452 --- [main] o.h.e.t.j.p.i.JtaPlatformInitiator       : HHH000490: Using JtaPlatform implementation: [org.hibernate.engine.transaction.jta.platform.internal.NoJtaPlatform]
2023-02-21 11:02:05.286  INFO 82452 --- [main] j.LocalContainerEntityManagerFactoryBean : Initialized JPA EntityManagerFactory for persistence unit 'default'
2023-02-21 11:02:06.672  WARN 82452 --- [main] JpaBaseConfiguration$JpaWebConfiguration : spring.jpa.open-in-view is enabled by default. Therefore, database queries may be performed during view rendering. Explicitly configure spring.jpa.open-in-view to disable this warning
2023-02-21 11:02:09.249  INFO 82452 --- [main] o.s.s.web.DefaultSecurityFilterChain     : Will secure any request with [org.springframework.security.web.session.DisableEncodeUrlFilter@4e7e7763, org.springframework.security.web.context.request.async.WebAsyncManagerIntegrationFilter@4ecc4b43, org.springframework.security.web.context.SecurityContextPersistenceFilter@3f13720f, org.springframework.security.web.header.HeaderWriterFilter@1aee0f49, org.springframework.security.web.csrf.CsrfFilter@50e32998, org.springframework.security.web.authentication.logout.LogoutFilter@3a72517e, org.springframework.security.web.authentication.UsernamePasswordAuthenticationFilter@d4f2f3d, org.springframework.security.web.authentication.ui.DefaultLoginPageGeneratingFilter@6a77953c, org.springframework.security.web.authentication.ui.DefaultLogoutPageGeneratingFilter@6f8281e6, org.springframework.security.web.authentication.www.BasicAuthenticationFilter@6a0d47e8, org.springframework.security.web.savedrequest.RequestCacheAwareFilter@360ccb68, org.springframework.security.web.servletapi.SecurityContextHolderAwareRequestFilter@78762e87, org.springframework.security.web.authentication.AnonymousAuthenticationFilter@1d12eff1, org.springframework.security.web.session.SessionManagementFilter@631c6ef4, org.springframework.security.web.access.ExceptionTranslationFilter@5f80b25a, org.springframework.security.web.access.intercept.FilterSecurityInterceptor@6138ee0e]
2023-02-21 11:02:09.471  INFO 82452 --- [main] com.example.demo.MockitoTest             : Started MockitoTest in 9.236 seconds (JVM running for 11.007)
2023-02-21 11:02:09.954  INFO 82452 --- [SpringApplicationShutdownHook] j.LocalContainerEntityManagerFactoryBean : Closing JPA EntityManagerFactory for persistence unit 'default'
2023-02-21 11:02:09.957  INFO 82452 --- [SpringApplicationShutdownHook] com.zaxxer.hikari.HikariDataSource       : HikariPool-1 - Shutdown initiated...
2023-02-21 11:02:09.969  INFO 82452 --- [SpringApplicationShutdownHook] com.zaxxer.hikari.HikariDataSource       : HikariPool-1 - Shutdown completed.
2023-02-21 11:05:06.650  INFO 81160 --- [main] com.example.demo.MockitoTest             : Starting MockitoTest using Java 17.0.4.1 on CLAP3335 with PID 81160 (started by dineshkumar.mr in C:\Users\dineshkumar.mr\Documents\workspace-spring-tool-suite-4-4.16.1.RELEASE\CrudOperations)
2023-02-21 11:05:06.652 DEBUG 81160 --- [main] com.example.demo.MockitoTest             : Running with Spring Boot v2.7.5, Spring v5.3.23
2023-02-21 11:05:06.653  INFO 81160 --- [main] com.example.demo.MockitoTest             : No active profile set, falling back to 1 default profile: "default"
2023-02-21 11:05:07.770  INFO 81160 --- [main] .s.d.r.c.RepositoryConfigurationDelegate : Bootstrapping Spring Data JPA repositories in DEFAULT mode.
2023-02-21 11:05:07.842  INFO 81160 --- [main] .s.d.r.c.RepositoryConfigurationDelegate : Finished Spring Data repository scanning in 58 ms. Found 1 JPA repository interfaces.
2023-02-21 11:05:08.312  INFO 81160 --- [main] trationDelegate$BeanPostProcessorChecker : Bean 'org.springframework.ws.config.annotation.DelegatingWsConfiguration' of type [org.springframework.ws.config.annotation.DelegatingWsConfiguration$$EnhancerBySpringCGLIB$$63a705df] is not eligible for getting processed by all BeanPostProcessors (for example: not eligible for auto-proxying)
2023-02-21 11:05:08.410  INFO 81160 --- [main] .w.s.a.s.AnnotationActionEndpointMapping : Supporting [WS-Addressing August 2004, WS-Addressing 1.0]
2023-02-21 11:05:09.127  INFO 81160 --- [main] o.hibernate.jpa.internal.util.LogHelper  : HHH000204: Processing PersistenceUnitInfo [name: default]
2023-02-21 11:05:09.220  INFO 81160 --- [main] org.hibernate.Version                    : HHH000412: Hibernate ORM core version 5.6.12.Final
2023-02-21 11:05:09.509  INFO 81160 --- [main] o.hibernate.annotations.common.Version   : HCANN000001: Hibernate Commons Annotations {5.1.2.Final}
2023-02-21 11:05:09.755  INFO 81160 --- [main] com.zaxxer.hikari.HikariDataSource       : HikariPool-1 - Starting...
2023-02-21 11:05:10.207  INFO 81160 --- [main] com.zaxxer.hikari.HikariDataSource       : HikariPool-1 - Start completed.
2023-02-21 11:05:10.262  INFO 81160 --- [main] org.hibernate.dialect.Dialect            : HHH000400: Using dialect: org.hibernate.dialect.MySQL8Dialect
2023-02-21 11:05:11.300  INFO 81160 --- [main] o.h.e.t.j.p.i.JtaPlatformInitiator       : HHH000490: Using JtaPlatform implementation: [org.hibernate.engine.transaction.jta.platform.internal.NoJtaPlatform]
2023-02-21 11:05:11.320  INFO 81160 --- [main] j.LocalContainerEntityManagerFactoryBean : Initialized JPA EntityManagerFactory for persistence unit 'default'
2023-02-21 11:05:12.722  WARN 81160 --- [main] JpaBaseConfiguration$JpaWebConfiguration : spring.jpa.open-in-view is enabled by default. Therefore, database queries may be performed during view rendering. Explicitly configure spring.jpa.open-in-view to disable this warning
2023-02-21 11:05:15.382  INFO 81160 --- [main] o.s.s.web.DefaultSecurityFilterChain     : Will secure any request with [org.springframework.security.web.session.DisableEncodeUrlFilter@7a59780b, org.springframework.security.web.context.request.async.WebAsyncManagerIntegrationFilter@5205b3e2, org.springframework.security.web.context.SecurityContextPersistenceFilter@31a9eaa, org.springframework.security.web.header.HeaderWriterFilter@622e39d, org.springframework.security.web.csrf.CsrfFilter@2524f9bf, org.springframework.security.web.authentication.logout.LogoutFilter@54ee423f, org.springframework.security.web.authentication.UsernamePasswordAuthenticationFilter@5d7f4cbb, org.springframework.security.web.authentication.ui.DefaultLoginPageGeneratingFilter@1d0f03f6, org.springframework.security.web.authentication.ui.DefaultLogoutPageGeneratingFilter@2802caa2, org.springframework.security.web.authentication.www.BasicAuthenticationFilter@9742012, org.springframework.security.web.savedrequest.RequestCacheAwareFilter@20e4e27f, org.springframework.security.web.servletapi.SecurityContextHolderAwareRequestFilter@36d7e8d2, org.springframework.security.web.authentication.AnonymousAuthenticationFilter@6b9f5dcf, org.springframework.security.web.session.SessionManagementFilter@45f32b12, org.springframework.security.web.access.ExceptionTranslationFilter@328b2c2a, org.springframework.security.web.access.intercept.FilterSecurityInterceptor@731bdcca]
2023-02-21 11:05:15.623  INFO 81160 --- [main] com.example.demo.MockitoTest             : Started MockitoTest in 9.402 seconds (JVM running for 10.976)
2023-02-21 11:05:16.119  INFO 81160 --- [SpringApplicationShutdownHook] j.LocalContainerEntityManagerFactoryBean : Closing JPA EntityManagerFactory for persistence unit 'default'
2023-02-21 11:05:16.122  INFO 81160 --- [SpringApplicationShutdownHook] com.zaxxer.hikari.HikariDataSource       : HikariPool-1 - Shutdown initiated...
2023-02-21 11:05:16.133  INFO 81160 --- [SpringApplicationShutdownHook] com.zaxxer.hikari.HikariDataSource       : HikariPool-1 - Shutdown completed.
2023-02-21 11:06:03.237  INFO 54196 --- [main] com.example.demo.MockitoTest             : Starting MockitoTest using Java 17.0.4.1 on CLAP3335 with PID 54196 (started by dineshkumar.mr in C:\Users\dineshkumar.mr\Documents\workspace-spring-tool-suite-4-4.16.1.RELEASE\CrudOperations)
2023-02-21 11:06:03.239 DEBUG 54196 --- [main] com.example.demo.MockitoTest             : Running with Spring Boot v2.7.5, Spring v5.3.23
2023-02-21 11:06:03.240  INFO 54196 --- [main] com.example.demo.MockitoTest             : No active profile set, falling back to 1 default profile: "default"
2023-02-21 11:06:04.365  INFO 54196 --- [main] .s.d.r.c.RepositoryConfigurationDelegate : Bootstrapping Spring Data JPA repositories in DEFAULT mode.
2023-02-21 11:06:04.439  INFO 54196 --- [main] .s.d.r.c.RepositoryConfigurationDelegate : Finished Spring Data repository scanning in 60 ms. Found 1 JPA repository interfaces.
2023-02-21 11:06:04.913  INFO 54196 --- [main] trationDelegate$BeanPostProcessorChecker : Bean 'org.springframework.ws.config.annotation.DelegatingWsConfiguration' of type [org.springframework.ws.config.annotation.DelegatingWsConfiguration$$EnhancerBySpringCGLIB$$6ef5a906] is not eligible for getting processed by all BeanPostProcessors (for example: not eligible for auto-proxying)
2023-02-21 11:06:04.984  INFO 54196 --- [main] .w.s.a.s.AnnotationActionEndpointMapping : Supporting [WS-Addressing August 2004, WS-Addressing 1.0]
2023-02-21 11:06:05.657  INFO 54196 --- [main] o.hibernate.jpa.internal.util.LogHelper  : HHH000204: Processing PersistenceUnitInfo [name: default]
2023-02-21 11:06:05.743  INFO 54196 --- [main] org.hibernate.Version                    : HHH000412: Hibernate ORM core version 5.6.12.Final
2023-02-21 11:06:05.988  INFO 54196 --- [main] o.hibernate.annotations.common.Version   : HCANN000001: Hibernate Commons Annotations {5.1.2.Final}
2023-02-21 11:06:06.194  INFO 54196 --- [main] com.zaxxer.hikari.HikariDataSource       : HikariPool-1 - Starting...
2023-02-21 11:06:06.619  INFO 54196 --- [main] com.zaxxer.hikari.HikariDataSource       : HikariPool-1 - Start completed.
2023-02-21 11:06:06.678  INFO 54196 --- [main] org.hibernate.dialect.Dialect            : HHH000400: Using dialect: org.hibernate.dialect.MySQL8Dialect
2023-02-21 11:06:07.589  INFO 54196 --- [main] o.h.e.t.j.p.i.JtaPlatformInitiator       : HHH000490: Using JtaPlatform implementation: [org.hibernate.engine.transaction.jta.platform.internal.NoJtaPlatform]
2023-02-21 11:06:07.606  INFO 54196 --- [main] j.LocalContainerEntityManagerFactoryBean : Initialized JPA EntityManagerFactory for persistence unit 'default'
2023-02-21 11:06:09.004  WARN 54196 --- [main] JpaBaseConfiguration$JpaWebConfiguration : spring.jpa.open-in-view is enabled by default. Therefore, database queries may be performed during view rendering. Explicitly configure spring.jpa.open-in-view to disable this warning
2023-02-21 11:06:12.122  INFO 54196 --- [main] o.s.s.web.DefaultSecurityFilterChain     : Will secure any request with [org.springframework.security.web.session.DisableEncodeUrlFilter@2f154d9b, org.springframework.security.web.context.request.async.WebAsyncManagerIntegrationFilter@7d8c264, org.springframework.security.web.context.SecurityContextPersistenceFilter@5a457aa1, org.springframework.security.web.header.HeaderWriterFilter@2605433, org.springframework.security.web.csrf.CsrfFilter@5653429e, org.springframework.security.web.authentication.logout.LogoutFilter@3638120f, org.springframework.security.web.authentication.UsernamePasswordAuthenticationFilter@dc28d74, org.springframework.security.web.authentication.ui.DefaultLoginPageGeneratingFilter@5bbb351e, org.springframework.security.web.authentication.ui.DefaultLogoutPageGeneratingFilter@19993ed, org.springframework.security.web.authentication.www.BasicAuthenticationFilter@5f1eff72, org.springframework.security.web.savedrequest.RequestCacheAwareFilter@3da8a302, org.springframework.security.web.servletapi.SecurityContextHolderAwareRequestFilter@21b75073, org.springframework.security.web.authentication.AnonymousAuthenticationFilter@7479cdf7, org.springframework.security.web.session.SessionManagementFilter@331da721, org.springframework.security.web.access.ExceptionTranslationFilter@3f2bf80d, org.springframework.security.web.access.intercept.FilterSecurityInterceptor@f0deba2]
2023-02-21 11:06:12.386  INFO 54196 --- [main] com.example.demo.MockitoTest             : Started MockitoTest in 9.653 seconds (JVM running for 11.262)
2023-02-21 11:06:12.943  INFO 54196 --- [SpringApplicationShutdownHook] j.LocalContainerEntityManagerFactoryBean : Closing JPA EntityManagerFactory for persistence unit 'default'
2023-02-21 11:06:12.946  INFO 54196 --- [SpringApplicationShutdownHook] com.zaxxer.hikari.HikariDataSource       : HikariPool-1 - Shutdown initiated...
2023-02-21 11:06:12.956  INFO 54196 --- [SpringApplicationShutdownHook] com.zaxxer.hikari.HikariDataSource       : HikariPool-1 - Shutdown completed.
2023-02-21 11:08:41.429  INFO 10136 --- [main] com.example.demo.MockitoTest             : Starting MockitoTest using Java 17.0.4.1 on CLAP3335 with PID 10136 (started by dineshkumar.mr in C:\Users\dineshkumar.mr\Documents\workspace-spring-tool-suite-4-4.16.1.RELEASE\CrudOperations)
2023-02-21 11:08:41.431 DEBUG 10136 --- [main] com.example.demo.MockitoTest             : Running with Spring Boot v2.7.5, Spring v5.3.23
2023-02-21 11:08:41.432  INFO 10136 --- [main] com.example.demo.MockitoTest             : No active profile set, falling back to 1 default profile: "default"
2023-02-21 11:08:42.460  INFO 10136 --- [main] .s.d.r.c.RepositoryConfigurationDelegate : Bootstrapping Spring Data JPA repositories in DEFAULT mode.
2023-02-21 11:08:42.528  INFO 10136 --- [main] .s.d.r.c.RepositoryConfigurationDelegate : Finished Spring Data repository scanning in 56 ms. Found 1 JPA repository interfaces.
2023-02-21 11:08:42.974  INFO 10136 --- [main] trationDelegate$BeanPostProcessorChecker : Bean 'org.springframework.ws.config.annotation.DelegatingWsConfiguration' of type [org.springframework.ws.config.annotation.DelegatingWsConfiguration$$EnhancerBySpringCGLIB$$64914d68] is not eligible for getting processed by all BeanPostProcessors (for example: not eligible for auto-proxying)
2023-02-21 11:08:43.052  INFO 10136 --- [main] .w.s.a.s.AnnotationActionEndpointMapping : Supporting [WS-Addressing August 2004, WS-Addressing 1.0]
2023-02-21 11:08:43.699  INFO 10136 --- [main] o.hibernate.jpa.internal.util.LogHelper  : HHH000204: Processing PersistenceUnitInfo [name: default]
2023-02-21 11:08:43.799  INFO 10136 --- [main] org.hibernate.Version                    : HHH000412: Hibernate ORM core version 5.6.12.Final
2023-02-21 11:08:44.082  INFO 10136 --- [main] o.hibernate.annotations.common.Version   : HCANN000001: Hibernate Commons Annotations {5.1.2.Final}
2023-02-21 11:08:44.337  INFO 10136 --- [main] com.zaxxer.hikari.HikariDataSource       : HikariPool-1 - Starting...
2023-02-21 11:08:44.787  INFO 10136 --- [main] com.zaxxer.hikari.HikariDataSource       : HikariPool-1 - Start completed.
2023-02-21 11:08:44.836  INFO 10136 --- [main] org.hibernate.dialect.Dialect            : HHH000400: Using dialect: org.hibernate.dialect.MySQL8Dialect
2023-02-21 11:08:45.709  INFO 10136 --- [main] o.h.e.t.j.p.i.JtaPlatformInitiator       : HHH000490: Using JtaPlatform implementation: [org.hibernate.engine.transaction.jta.platform.internal.NoJtaPlatform]
2023-02-21 11:08:45.722  INFO 10136 --- [main] j.LocalContainerEntityManagerFactoryBean : Initialized JPA EntityManagerFactory for persistence unit 'default'
2023-02-21 11:08:47.135  WARN 10136 --- [main] JpaBaseConfiguration$JpaWebConfiguration : spring.jpa.open-in-view is enabled by default. Therefore, database queries may be performed during view rendering. Explicitly configure spring.jpa.open-in-view to disable this warning
2023-02-21 11:08:49.825  INFO 10136 --- [main] o.s.s.web.DefaultSecurityFilterChain     : Will secure any request with [org.springframework.security.web.session.DisableEncodeUrlFilter@7a59780b, org.springframework.security.web.context.request.async.WebAsyncManagerIntegrationFilter@5205b3e2, org.springframework.security.web.context.SecurityContextPersistenceFilter@31a9eaa, org.springframework.security.web.header.HeaderWriterFilter@622e39d, org.springframework.security.web.csrf.CsrfFilter@2524f9bf, org.springframework.security.web.authentication.logout.LogoutFilter@54ee423f, org.springframework.security.web.authentication.UsernamePasswordAuthenticationFilter@5d7f4cbb, org.springframework.security.web.authentication.ui.DefaultLoginPageGeneratingFilter@1d0f03f6, org.springframework.security.web.authentication.ui.DefaultLogoutPageGeneratingFilter@2802caa2, org.springframework.security.web.authentication.www.BasicAuthenticationFilter@9742012, org.springframework.security.web.savedrequest.RequestCacheAwareFilter@20e4e27f, org.springframework.security.web.servletapi.SecurityContextHolderAwareRequestFilter@36d7e8d2, org.springframework.security.web.authentication.AnonymousAuthenticationFilter@6b9f5dcf, org.springframework.security.web.session.SessionManagementFilter@45f32b12, org.springframework.security.web.access.ExceptionTranslationFilter@328b2c2a, org.springframework.security.web.access.intercept.FilterSecurityInterceptor@731bdcca]
2023-02-21 11:08:50.095  INFO 10136 --- [main] com.example.demo.MockitoTest             : Started MockitoTest in 9.09 seconds (JVM running for 10.679)
2023-02-21 11:08:50.653  INFO 10136 --- [SpringApplicationShutdownHook] j.LocalContainerEntityManagerFactoryBean : Closing JPA EntityManagerFactory for persistence unit 'default'
2023-02-21 11:08:50.657  INFO 10136 --- [SpringApplicationShutdownHook] com.zaxxer.hikari.HikariDataSource       : HikariPool-1 - Shutdown initiated...
2023-02-21 11:08:50.669  INFO 10136 --- [SpringApplicationShutdownHook] com.zaxxer.hikari.HikariDataSource       : HikariPool-1 - Shutdown completed.
2023-02-21 11:09:20.926  INFO 81688 --- [main] com.example.demo.MockitoTest             : Starting MockitoTest using Java 17.0.4.1 on CLAP3335 with PID 81688 (started by dineshkumar.mr in C:\Users\dineshkumar.mr\Documents\workspace-spring-tool-suite-4-4.16.1.RELEASE\CrudOperations)
2023-02-21 11:09:20.927 DEBUG 81688 --- [main] com.example.demo.MockitoTest             : Running with Spring Boot v2.7.5, Spring v5.3.23
2023-02-21 11:09:20.928  INFO 81688 --- [main] com.example.demo.MockitoTest             : No active profile set, falling back to 1 default profile: "default"
2023-02-21 11:09:21.962  INFO 81688 --- [main] .s.d.r.c.RepositoryConfigurationDelegate : Bootstrapping Spring Data JPA repositories in DEFAULT mode.
2023-02-21 11:09:22.028  INFO 81688 --- [main] .s.d.r.c.RepositoryConfigurationDelegate : Finished Spring Data repository scanning in 53 ms. Found 1 JPA repository interfaces.
2023-02-21 11:09:22.497  INFO 81688 --- [main] trationDelegate$BeanPostProcessorChecker : Bean 'org.springframework.ws.config.annotation.DelegatingWsConfiguration' of type [org.springframework.ws.config.annotation.DelegatingWsConfiguration$$EnhancerBySpringCGLIB$$2978f5c2] is not eligible for getting processed by all BeanPostProcessors (for example: not eligible for auto-proxying)
2023-02-21 11:09:22.565  INFO 81688 --- [main] .w.s.a.s.AnnotationActionEndpointMapping : Supporting [WS-Addressing August 2004, WS-Addressing 1.0]
2023-02-21 11:09:23.194  INFO 81688 --- [main] o.hibernate.jpa.internal.util.LogHelper  : HHH000204: Processing PersistenceUnitInfo [name: default]
2023-02-21 11:09:23.283  INFO 81688 --- [main] org.hibernate.Version                    : HHH000412: Hibernate ORM core version 5.6.12.Final
2023-02-21 11:09:23.518  INFO 81688 --- [main] o.hibernate.annotations.common.Version   : HCANN000001: Hibernate Commons Annotations {5.1.2.Final}
2023-02-21 11:09:23.753  INFO 81688 --- [main] com.zaxxer.hikari.HikariDataSource       : HikariPool-1 - Starting...
2023-02-21 11:09:24.166  INFO 81688 --- [main] com.zaxxer.hikari.HikariDataSource       : HikariPool-1 - Start completed.
2023-02-21 11:09:24.223  INFO 81688 --- [main] org.hibernate.dialect.Dialect            : HHH000400: Using dialect: org.hibernate.dialect.MySQL8Dialect
2023-02-21 11:09:25.157  INFO 81688 --- [main] o.h.e.t.j.p.i.JtaPlatformInitiator       : HHH000490: Using JtaPlatform implementation: [org.hibernate.engine.transaction.jta.platform.internal.NoJtaPlatform]
2023-02-21 11:09:25.174  INFO 81688 --- [main] j.LocalContainerEntityManagerFactoryBean : Initialized JPA EntityManagerFactory for persistence unit 'default'
2023-02-21 11:09:26.546  WARN 81688 --- [main] JpaBaseConfiguration$JpaWebConfiguration : spring.jpa.open-in-view is enabled by default. Therefore, database queries may be performed during view rendering. Explicitly configure spring.jpa.open-in-view to disable this warning
2023-02-21 11:09:29.274  INFO 81688 --- [main] o.s.s.web.DefaultSecurityFilterChain     : Will secure any request with [org.springframework.security.web.session.DisableEncodeUrlFilter@4c0989f7, org.springframework.security.web.context.request.async.WebAsyncManagerIntegrationFilter@384b718c, org.springframework.security.web.context.SecurityContextPersistenceFilter@21b75073, org.springframework.security.web.header.HeaderWriterFilter@2e268c19, org.springframework.security.web.csrf.CsrfFilter@5d4af473, org.springframework.security.web.authentication.logout.LogoutFilter@55854382, org.springframework.security.web.authentication.UsernamePasswordAuthenticationFilter@2df40273, org.springframework.security.web.authentication.ui.DefaultLoginPageGeneratingFilter@58df431e, org.springframework.security.web.authentication.ui.DefaultLogoutPageGeneratingFilter@68b4e7b5, org.springframework.security.web.authentication.www.BasicAuthenticationFilter@d4f2f3d, org.springframework.security.web.savedrequest.RequestCacheAwareFilter@5b476930, org.springframework.security.web.servletapi.SecurityContextHolderAwareRequestFilter@18f1260, org.springframework.security.web.authentication.AnonymousAuthenticationFilter@5a88ecb9, org.springframework.security.web.session.SessionManagementFilter@2643c33f, org.springframework.security.web.access.ExceptionTranslationFilter@54ee423f, org.springframework.security.web.access.intercept.FilterSecurityInterceptor@39ff4421]
2023-02-21 11:09:29.501  INFO 81688 --- [main] com.example.demo.MockitoTest             : Started MockitoTest in 9.025 seconds (JVM running for 10.517)
2023-02-21 11:09:29.974  INFO 81688 --- [SpringApplicationShutdownHook] j.LocalContainerEntityManagerFactoryBean : Closing JPA EntityManagerFactory for persistence unit 'default'
2023-02-21 11:09:29.977  INFO 81688 --- [SpringApplicationShutdownHook] com.zaxxer.hikari.HikariDataSource       : HikariPool-1 - Shutdown initiated...
2023-02-21 11:09:29.988  INFO 81688 --- [SpringApplicationShutdownHook] com.zaxxer.hikari.HikariDataSource       : HikariPool-1 - Shutdown completed.
2023-02-21 11:12:03.622  INFO 9816 --- [main] com.example.demo.MockitoTest             : Starting MockitoTest using Java 17.0.4.1 on CLAP3335 with PID 9816 (started by dineshkumar.mr in C:\Users\dineshkumar.mr\Documents\workspace-spring-tool-suite-4-4.16.1.RELEASE\CrudOperations)
2023-02-21 11:12:03.623 DEBUG 9816 --- [main] com.example.demo.MockitoTest             : Running with Spring Boot v2.7.5, Spring v5.3.23
2023-02-21 11:12:03.624  INFO 9816 --- [main] com.example.demo.MockitoTest             : No active profile set, falling back to 1 default profile: "default"
2023-02-21 11:12:04.707  INFO 9816 --- [main] .s.d.r.c.RepositoryConfigurationDelegate : Bootstrapping Spring Data JPA repositories in DEFAULT mode.
2023-02-21 11:12:04.777  INFO 9816 --- [main] .s.d.r.c.RepositoryConfigurationDelegate : Finished Spring Data repository scanning in 60 ms. Found 1 JPA repository interfaces.
2023-02-21 11:12:05.242  INFO 9816 --- [main] trationDelegate$BeanPostProcessorChecker : Bean 'org.springframework.ws.config.annotation.DelegatingWsConfiguration' of type [org.springframework.ws.config.annotation.DelegatingWsConfiguration$$EnhancerBySpringCGLIB$$f19dabd9] is not eligible for getting processed by all BeanPostProcessors (for example: not eligible for auto-proxying)
2023-02-21 11:12:05.312  INFO 9816 --- [main] .w.s.a.s.AnnotationActionEndpointMapping : Supporting [WS-Addressing August 2004, WS-Addressing 1.0]
2023-02-21 11:12:06.039  INFO 9816 --- [main] o.hibernate.jpa.internal.util.LogHelper  : HHH000204: Processing PersistenceUnitInfo [name: default]
2023-02-21 11:12:06.135  INFO 9816 --- [main] org.hibernate.Version                    : HHH000412: Hibernate ORM core version 5.6.12.Final
2023-02-21 11:12:06.540  INFO 9816 --- [main] o.hibernate.annotations.common.Version   : HCANN000001: Hibernate Commons Annotations {5.1.2.Final}
2023-02-21 11:12:06.823  INFO 9816 --- [main] com.zaxxer.hikari.HikariDataSource       : HikariPool-1 - Starting...
2023-02-21 11:12:07.283  INFO 9816 --- [main] com.zaxxer.hikari.HikariDataSource       : HikariPool-1 - Start completed.
2023-02-21 11:12:07.345  INFO 9816 --- [main] org.hibernate.dialect.Dialect            : HHH000400: Using dialect: org.hibernate.dialect.MySQL8Dialect
2023-02-21 11:12:08.342  INFO 9816 --- [main] o.h.e.t.j.p.i.JtaPlatformInitiator       : HHH000490: Using JtaPlatform implementation: [org.hibernate.engine.transaction.jta.platform.internal.NoJtaPlatform]
2023-02-21 11:12:08.358  INFO 9816 --- [main] j.LocalContainerEntityManagerFactoryBean : Initialized JPA EntityManagerFactory for persistence unit 'default'
2023-02-21 11:12:09.772  WARN 9816 --- [main] JpaBaseConfiguration$JpaWebConfiguration : spring.jpa.open-in-view is enabled by default. Therefore, database queries may be performed during view rendering. Explicitly configure spring.jpa.open-in-view to disable this warning
2023-02-21 11:12:12.348  INFO 9816 --- [main] o.s.s.web.DefaultSecurityFilterChain     : Will secure any request with [org.springframework.security.web.session.DisableEncodeUrlFilter@221961f2, org.springframework.security.web.context.request.async.WebAsyncManagerIntegrationFilter@541d8a9e, org.springframework.security.web.context.SecurityContextPersistenceFilter@3b863b4, org.springframework.security.web.header.HeaderWriterFilter@57f83dc7, org.springframework.security.web.csrf.CsrfFilter@56f4f385, org.springframework.security.web.authentication.logout.LogoutFilter@538fb761, org.springframework.security.web.authentication.UsernamePasswordAuthenticationFilter@15ff247b, org.springframework.security.web.authentication.ui.DefaultLoginPageGeneratingFilter@328b2c2a, org.springframework.security.web.authentication.ui.DefaultLogoutPageGeneratingFilter@51c0346d, org.springframework.security.web.authentication.www.BasicAuthenticationFilter@2e1b1d22, org.springframework.security.web.savedrequest.RequestCacheAwareFilter@34d6e9a4, org.springframework.security.web.servletapi.SecurityContextHolderAwareRequestFilter@515a2afd, org.springframework.security.web.authentication.AnonymousAuthenticationFilter@32cda33c, org.springframework.security.web.session.SessionManagementFilter@18a349cb, org.springframework.security.web.access.ExceptionTranslationFilter@49f32bcb, org.springframework.security.web.access.intercept.FilterSecurityInterceptor@112f8f8f]
2023-02-21 11:12:12.582  INFO 9816 --- [main] com.example.demo.MockitoTest             : Started MockitoTest in 9.472 seconds (JVM running for 11.054)
2023-02-21 11:12:13.080  INFO 9816 --- [SpringApplicationShutdownHook] j.LocalContainerEntityManagerFactoryBean : Closing JPA EntityManagerFactory for persistence unit 'default'
2023-02-21 11:12:13.082  INFO 9816 --- [SpringApplicationShutdownHook] com.zaxxer.hikari.HikariDataSource       : HikariPool-1 - Shutdown initiated...
2023-02-21 11:12:13.092  INFO 9816 --- [SpringApplicationShutdownHook] com.zaxxer.hikari.HikariDataSource       : HikariPool-1 - Shutdown completed.
2023-02-21 11:12:33.966  INFO 19196 --- [main] com.example.demo.MockitoTest             : Starting MockitoTest using Java 17.0.4.1 on CLAP3335 with PID 19196 (started by dineshkumar.mr in C:\Users\dineshkumar.mr\Documents\workspace-spring-tool-suite-4-4.16.1.RELEASE\CrudOperations)
2023-02-21 11:12:33.967 DEBUG 19196 --- [main] com.example.demo.MockitoTest             : Running with Spring Boot v2.7.5, Spring v5.3.23
2023-02-21 11:12:33.968  INFO 19196 --- [main] com.example.demo.MockitoTest             : No active profile set, falling back to 1 default profile: "default"
2023-02-21 11:12:34.966  INFO 19196 --- [main] .s.d.r.c.RepositoryConfigurationDelegate : Bootstrapping Spring Data JPA repositories in DEFAULT mode.
2023-02-21 11:12:35.037  INFO 19196 --- [main] .s.d.r.c.RepositoryConfigurationDelegate : Finished Spring Data repository scanning in 60 ms. Found 1 JPA repository interfaces.
2023-02-21 11:12:35.493  INFO 19196 --- [main] trationDelegate$BeanPostProcessorChecker : Bean 'org.springframework.ws.config.annotation.DelegatingWsConfiguration' of type [org.springframework.ws.config.annotation.DelegatingWsConfiguration$$EnhancerBySpringCGLIB$$b8140fb8] is not eligible for getting processed by all BeanPostProcessors (for example: not eligible for auto-proxying)
2023-02-21 11:12:35.564  INFO 19196 --- [main] .w.s.a.s.AnnotationActionEndpointMapping : Supporting [WS-Addressing August 2004, WS-Addressing 1.0]
2023-02-21 11:12:36.198  INFO 19196 --- [main] o.hibernate.jpa.internal.util.LogHelper  : HHH000204: Processing PersistenceUnitInfo [name: default]
2023-02-21 11:12:36.290  INFO 19196 --- [main] org.hibernate.Version                    : HHH000412: Hibernate ORM core version 5.6.12.Final
2023-02-21 11:12:36.547  INFO 19196 --- [main] o.hibernate.annotations.common.Version   : HCANN000001: Hibernate Commons Annotations {5.1.2.Final}
2023-02-21 11:12:36.779  INFO 19196 --- [main] com.zaxxer.hikari.HikariDataSource       : HikariPool-1 - Starting...
2023-02-21 11:12:37.204  INFO 19196 --- [main] com.zaxxer.hikari.HikariDataSource       : HikariPool-1 - Start completed.
2023-02-21 11:12:37.260  INFO 19196 --- [main] org.hibernate.dialect.Dialect            : HHH000400: Using dialect: org.hibernate.dialect.MySQL8Dialect
2023-02-21 11:12:38.263  INFO 19196 --- [main] o.h.e.t.j.p.i.JtaPlatformInitiator       : HHH000490: Using JtaPlatform implementation: [org.hibernate.engine.transaction.jta.platform.internal.NoJtaPlatform]
2023-02-21 11:12:38.279  INFO 19196 --- [main] j.LocalContainerEntityManagerFactoryBean : Initialized JPA EntityManagerFactory for persistence unit 'default'
2023-02-21 11:12:39.679  WARN 19196 --- [main] JpaBaseConfiguration$JpaWebConfiguration : spring.jpa.open-in-view is enabled by default. Therefore, database queries may be performed during view rendering. Explicitly configure spring.jpa.open-in-view to disable this warning
2023-02-21 11:12:42.545  INFO 19196 --- [main] o.s.s.web.DefaultSecurityFilterChain     : Will secure any request with [org.springframework.security.web.session.DisableEncodeUrlFilter@adb15df, org.springframework.security.web.context.request.async.WebAsyncManagerIntegrationFilter@6f45be42, org.springframework.security.web.context.SecurityContextPersistenceFilter@6dd50380, org.springframework.security.web.header.HeaderWriterFilter@1b4bc7b9, org.springframework.security.web.csrf.CsrfFilter@2e214d39, org.springframework.security.web.authentication.logout.LogoutFilter@5e2525fe, org.springframework.security.web.authentication.UsernamePasswordAuthenticationFilter@77e4ffe5, org.springframework.security.web.authentication.ui.DefaultLoginPageGeneratingFilter@46c7e6c0, org.springframework.security.web.authentication.ui.DefaultLogoutPageGeneratingFilter@5c7876e1, org.springframework.security.web.authentication.www.BasicAuthenticationFilter@5ab7e997, org.springframework.security.web.savedrequest.RequestCacheAwareFilter@3dc5eb8f, org.springframework.security.web.servletapi.SecurityContextHolderAwareRequestFilter@1d4b0a07, org.springframework.security.web.authentication.AnonymousAuthenticationFilter@1d9016fe, org.springframework.security.web.session.SessionManagementFilter@538fb761, org.springframework.security.web.access.ExceptionTranslationFilter@67836d4, org.springframework.security.web.access.intercept.FilterSecurityInterceptor@4d1a763c]
2023-02-21 11:12:42.812  INFO 19196 --- [main] com.example.demo.MockitoTest             : Started MockitoTest in 9.289 seconds (JVM running for 10.938)
2023-02-21 11:12:43.401  INFO 19196 --- [SpringApplicationShutdownHook] j.LocalContainerEntityManagerFactoryBean : Closing JPA EntityManagerFactory for persistence unit 'default'
2023-02-21 11:12:43.404  INFO 19196 --- [SpringApplicationShutdownHook] com.zaxxer.hikari.HikariDataSource       : HikariPool-1 - Shutdown initiated...
2023-02-21 11:12:43.416  INFO 19196 --- [SpringApplicationShutdownHook] com.zaxxer.hikari.HikariDataSource       : HikariPool-1 - Shutdown completed.
2023-02-21 11:13:23.231  INFO 80036 --- [main] com.example.demo.MockitoTest             : Starting MockitoTest using Java 17.0.4.1 on CLAP3335 with PID 80036 (started by dineshkumar.mr in C:\Users\dineshkumar.mr\Documents\workspace-spring-tool-suite-4-4.16.1.RELEASE\CrudOperations)
2023-02-21 11:13:23.234 DEBUG 80036 --- [main] com.example.demo.MockitoTest             : Running with Spring Boot v2.7.5, Spring v5.3.23
2023-02-21 11:13:23.235  INFO 80036 --- [main] com.example.demo.MockitoTest             : No active profile set, falling back to 1 default profile: "default"
2023-02-21 11:13:24.250  INFO 80036 --- [main] .s.d.r.c.RepositoryConfigurationDelegate : Bootstrapping Spring Data JPA repositories in DEFAULT mode.
2023-02-21 11:13:24.314  INFO 80036 --- [main] .s.d.r.c.RepositoryConfigurationDelegate : Finished Spring Data repository scanning in 53 ms. Found 1 JPA repository interfaces.
2023-02-21 11:13:24.828  INFO 80036 --- [main] trationDelegate$BeanPostProcessorChecker : Bean 'org.springframework.ws.config.annotation.DelegatingWsConfiguration' of type [org.springframework.ws.config.annotation.DelegatingWsConfiguration$$EnhancerBySpringCGLIB$$129b3152] is not eligible for getting processed by all BeanPostProcessors (for example: not eligible for auto-proxying)
2023-02-21 11:13:24.905  INFO 80036 --- [main] .w.s.a.s.AnnotationActionEndpointMapping : Supporting [WS-Addressing August 2004, WS-Addressing 1.0]
2023-02-21 11:13:25.667  INFO 80036 --- [main] o.hibernate.jpa.internal.util.LogHelper  : HHH000204: Processing PersistenceUnitInfo [name: default]
2023-02-21 11:13:25.765  INFO 80036 --- [main] org.hibernate.Version                    : HHH000412: Hibernate ORM core version 5.6.12.Final
2023-02-21 11:13:26.076  INFO 80036 --- [main] o.hibernate.annotations.common.Version   : HCANN000001: Hibernate Commons Annotations {5.1.2.Final}
2023-02-21 11:13:26.326  INFO 80036 --- [main] com.zaxxer.hikari.HikariDataSource       : HikariPool-1 - Starting...
2023-02-21 11:13:26.803  INFO 80036 --- [main] com.zaxxer.hikari.HikariDataSource       : HikariPool-1 - Start completed.
2023-02-21 11:13:26.855  INFO 80036 --- [main] org.hibernate.dialect.Dialect            : HHH000400: Using dialect: org.hibernate.dialect.MySQL8Dialect
2023-02-21 11:13:27.749  INFO 80036 --- [main] o.h.e.t.j.p.i.JtaPlatformInitiator       : HHH000490: Using JtaPlatform implementation: [org.hibernate.engine.transaction.jta.platform.internal.NoJtaPlatform]
2023-02-21 11:13:27.766  INFO 80036 --- [main] j.LocalContainerEntityManagerFactoryBean : Initialized JPA EntityManagerFactory for persistence unit 'default'
2023-02-21 11:13:29.170  WARN 80036 --- [main] JpaBaseConfiguration$JpaWebConfiguration : spring.jpa.open-in-view is enabled by default. Therefore, database queries may be performed during view rendering. Explicitly configure spring.jpa.open-in-view to disable this warning
2023-02-21 11:13:31.890  INFO 80036 --- [main] o.s.s.web.DefaultSecurityFilterChain     : Will secure any request with [org.springframework.security.web.session.DisableEncodeUrlFilter@44e19b99, org.springframework.security.web.context.request.async.WebAsyncManagerIntegrationFilter@498bfeec, org.springframework.security.web.context.SecurityContextPersistenceFilter@46c7e6c0, org.springframework.security.web.header.HeaderWriterFilter@3dc5eb8f, org.springframework.security.web.csrf.CsrfFilter@65011123, org.springframework.security.web.authentication.logout.LogoutFilter@30e734a1, org.springframework.security.web.authentication.UsernamePasswordAuthenticationFilter@5205b3e2, org.springframework.security.web.authentication.ui.DefaultLoginPageGeneratingFilter@47bae235, org.springframework.security.web.authentication.ui.DefaultLogoutPageGeneratingFilter@33490054, org.springframework.security.web.authentication.www.BasicAuthenticationFilter@2df40273, org.springframework.security.web.savedrequest.RequestCacheAwareFilter@763a72da, org.springframework.security.web.servletapi.SecurityContextHolderAwareRequestFilter@50e32998, org.springframework.security.web.authentication.AnonymousAuthenticationFilter@19487d13, org.springframework.security.web.session.SessionManagementFilter@68fec965, org.springframework.security.web.access.ExceptionTranslationFilter@73ccdfc1, org.springframework.security.web.access.intercept.FilterSecurityInterceptor@5e7fc012]
2023-02-21 11:13:32.120  INFO 80036 --- [main] com.example.demo.MockitoTest             : Started MockitoTest in 9.382 seconds (JVM running for 11.049)
2023-02-21 11:13:32.619  INFO 80036 --- [SpringApplicationShutdownHook] j.LocalContainerEntityManagerFactoryBean : Closing JPA EntityManagerFactory for persistence unit 'default'
2023-02-21 11:13:32.622  INFO 80036 --- [SpringApplicationShutdownHook] com.zaxxer.hikari.HikariDataSource       : HikariPool-1 - Shutdown initiated...
2023-02-21 11:13:32.632  INFO 80036 --- [SpringApplicationShutdownHook] com.zaxxer.hikari.HikariDataSource       : HikariPool-1 - Shutdown completed.
2023-02-21 11:14:21.589  INFO 72144 --- [main] com.example.demo.MockitoTest             : Starting MockitoTest using Java 17.0.4.1 on CLAP3335 with PID 72144 (started by dineshkumar.mr in C:\Users\dineshkumar.mr\Documents\workspace-spring-tool-suite-4-4.16.1.RELEASE\CrudOperations)
2023-02-21 11:14:21.590 DEBUG 72144 --- [main] com.example.demo.MockitoTest             : Running with Spring Boot v2.7.5, Spring v5.3.23
2023-02-21 11:14:21.591  INFO 72144 --- [main] com.example.demo.MockitoTest             : No active profile set, falling back to 1 default profile: "default"
2023-02-21 11:14:22.798  INFO 72144 --- [main] .s.d.r.c.RepositoryConfigurationDelegate : Bootstrapping Spring Data JPA repositories in DEFAULT mode.
2023-02-21 11:14:22.885  INFO 72144 --- [main] .s.d.r.c.RepositoryConfigurationDelegate : Finished Spring Data repository scanning in 72 ms. Found 1 JPA repository interfaces.
2023-02-21 11:14:23.369  INFO 72144 --- [main] trationDelegate$BeanPostProcessorChecker : Bean 'org.springframework.ws.config.annotation.DelegatingWsConfiguration' of type [org.springframework.ws.config.annotation.DelegatingWsConfiguration$$EnhancerBySpringCGLIB$$e1096be3] is not eligible for getting processed by all BeanPostProcessors (for example: not eligible for auto-proxying)
2023-02-21 11:14:23.448  INFO 72144 --- [main] .w.s.a.s.AnnotationActionEndpointMapping : Supporting [WS-Addressing August 2004, WS-Addressing 1.0]
2023-02-21 11:14:24.146  INFO 72144 --- [main] o.hibernate.jpa.internal.util.LogHelper  : HHH000204: Processing PersistenceUnitInfo [name: default]
2023-02-21 11:14:24.228  INFO 72144 --- [main] org.hibernate.Version                    : HHH000412: Hibernate ORM core version 5.6.12.Final
2023-02-21 11:14:24.477  INFO 72144 --- [main] o.hibernate.annotations.common.Version   : HCANN000001: Hibernate Commons Annotations {5.1.2.Final}
2023-02-21 11:14:24.699  INFO 72144 --- [main] com.zaxxer.hikari.HikariDataSource       : HikariPool-1 - Starting...
2023-02-21 11:14:25.124  INFO 72144 --- [main] com.zaxxer.hikari.HikariDataSource       : HikariPool-1 - Start completed.
2023-02-21 11:14:25.179  INFO 72144 --- [main] org.hibernate.dialect.Dialect            : HHH000400: Using dialect: org.hibernate.dialect.MySQL8Dialect
2023-02-21 11:14:26.085  INFO 72144 --- [main] o.h.e.t.j.p.i.JtaPlatformInitiator       : HHH000490: Using JtaPlatform implementation: [org.hibernate.engine.transaction.jta.platform.internal.NoJtaPlatform]
2023-02-21 11:14:26.100  INFO 72144 --- [main] j.LocalContainerEntityManagerFactoryBean : Initialized JPA EntityManagerFactory for persistence unit 'default'
2023-02-21 11:14:27.534  WARN 72144 --- [main] JpaBaseConfiguration$JpaWebConfiguration : spring.jpa.open-in-view is enabled by default. Therefore, database queries may be performed during view rendering. Explicitly configure spring.jpa.open-in-view to disable this warning
2023-02-21 11:14:30.220  INFO 72144 --- [main] o.s.s.web.DefaultSecurityFilterChain     : Will secure any request with [org.springframework.security.web.session.DisableEncodeUrlFilter@7a59780b, org.springframework.security.web.context.request.async.WebAsyncManagerIntegrationFilter@5205b3e2, org.springframework.security.web.context.SecurityContextPersistenceFilter@31a9eaa, org.springframework.security.web.header.HeaderWriterFilter@622e39d, org.springframework.security.web.csrf.CsrfFilter@2524f9bf, org.springframework.security.web.authentication.logout.LogoutFilter@54ee423f, org.springframework.security.web.authentication.UsernamePasswordAuthenticationFilter@5d7f4cbb, org.springframework.security.web.authentication.ui.DefaultLoginPageGeneratingFilter@1d0f03f6, org.springframework.security.web.authentication.ui.DefaultLogoutPageGeneratingFilter@2802caa2, org.springframework.security.web.authentication.www.BasicAuthenticationFilter@9742012, org.springframework.security.web.savedrequest.RequestCacheAwareFilter@20e4e27f, org.springframework.security.web.servletapi.SecurityContextHolderAwareRequestFilter@36d7e8d2, org.springframework.security.web.authentication.AnonymousAuthenticationFilter@6b9f5dcf, org.springframework.security.web.session.SessionManagementFilter@45f32b12, org.springframework.security.web.access.ExceptionTranslationFilter@328b2c2a, org.springframework.security.web.access.intercept.FilterSecurityInterceptor@731bdcca]
2023-02-21 11:14:30.478  INFO 72144 --- [main] com.example.demo.MockitoTest             : Started MockitoTest in 9.426 seconds (JVM running for 11.052)
2023-02-21 11:14:30.923  INFO 72144 --- [SpringApplicationShutdownHook] j.LocalContainerEntityManagerFactoryBean : Closing JPA EntityManagerFactory for persistence unit 'default'
2023-02-21 11:14:30.925  INFO 72144 --- [SpringApplicationShutdownHook] com.zaxxer.hikari.HikariDataSource       : HikariPool-1 - Shutdown initiated...
2023-02-21 11:14:30.936  INFO 72144 --- [SpringApplicationShutdownHook] com.zaxxer.hikari.HikariDataSource       : HikariPool-1 - Shutdown completed.
2023-02-21 11:15:03.523  INFO 82840 --- [main] com.example.demo.MockitoTest             : Starting MockitoTest using Java 17.0.4.1 on CLAP3335 with PID 82840 (started by dineshkumar.mr in C:\Users\dineshkumar.mr\Documents\workspace-spring-tool-suite-4-4.16.1.RELEASE\CrudOperations)
2023-02-21 11:15:03.524 DEBUG 82840 --- [main] com.example.demo.MockitoTest             : Running with Spring Boot v2.7.5, Spring v5.3.23
2023-02-21 11:15:03.525  INFO 82840 --- [main] com.example.demo.MockitoTest             : No active profile set, falling back to 1 default profile: "default"
2023-02-21 11:15:04.663  INFO 82840 --- [main] .s.d.r.c.RepositoryConfigurationDelegate : Bootstrapping Spring Data JPA repositories in DEFAULT mode.
2023-02-21 11:15:04.746  INFO 82840 --- [main] .s.d.r.c.RepositoryConfigurationDelegate : Finished Spring Data repository scanning in 71 ms. Found 1 JPA repository interfaces.
2023-02-21 11:15:05.200  INFO 82840 --- [main] trationDelegate$BeanPostProcessorChecker : Bean 'org.springframework.ws.config.annotation.DelegatingWsConfiguration' of type [org.springframework.ws.config.annotation.DelegatingWsConfiguration$$EnhancerBySpringCGLIB$$c0fd0758] is not eligible for getting processed by all BeanPostProcessors (for example: not eligible for auto-proxying)
2023-02-21 11:15:05.296  INFO 82840 --- [main] .w.s.a.s.AnnotationActionEndpointMapping : Supporting [WS-Addressing August 2004, WS-Addressing 1.0]
2023-02-21 11:15:05.964  INFO 82840 --- [main] o.hibernate.jpa.internal.util.LogHelper  : HHH000204: Processing PersistenceUnitInfo [name: default]
2023-02-21 11:15:06.050  INFO 82840 --- [main] org.hibernate.Version                    : HHH000412: Hibernate ORM core version 5.6.12.Final
2023-02-21 11:15:06.308  INFO 82840 --- [main] o.hibernate.annotations.common.Version   : HCANN000001: Hibernate Commons Annotations {5.1.2.Final}
2023-02-21 11:15:06.533  INFO 82840 --- [main] com.zaxxer.hikari.HikariDataSource       : HikariPool-1 - Starting...
2023-02-21 11:15:07.006  INFO 82840 --- [main] com.zaxxer.hikari.HikariDataSource       : HikariPool-1 - Start completed.
2023-02-21 11:15:07.068  INFO 82840 --- [main] org.hibernate.dialect.Dialect            : HHH000400: Using dialect: org.hibernate.dialect.MySQL8Dialect
2023-02-21 11:15:08.003  INFO 82840 --- [main] o.h.e.t.j.p.i.JtaPlatformInitiator       : HHH000490: Using JtaPlatform implementation: [org.hibernate.engine.transaction.jta.platform.internal.NoJtaPlatform]
2023-02-21 11:15:08.022  INFO 82840 --- [main] j.LocalContainerEntityManagerFactoryBean : Initialized JPA EntityManagerFactory for persistence unit 'default'
2023-02-21 11:15:09.496  WARN 82840 --- [main] JpaBaseConfiguration$JpaWebConfiguration : spring.jpa.open-in-view is enabled by default. Therefore, database queries may be performed during view rendering. Explicitly configure spring.jpa.open-in-view to disable this warning
2023-02-21 11:15:12.453  INFO 82840 --- [main] o.s.s.web.DefaultSecurityFilterChain     : Will secure any request with [org.springframework.security.web.session.DisableEncodeUrlFilter@39ff4421, org.springframework.security.web.context.request.async.WebAsyncManagerIntegrationFilter@7a59780b, org.springframework.security.web.context.SecurityContextPersistenceFilter@2dc54b50, org.springframework.security.web.header.HeaderWriterFilter@2e214d39, org.springframework.security.web.csrf.CsrfFilter@3b863b4, org.springframework.security.web.authentication.logout.LogoutFilter@a94c8e3, org.springframework.security.web.authentication.UsernamePasswordAuthenticationFilter@25131637, org.springframework.security.web.authentication.ui.DefaultLoginPageGeneratingFilter@163cd4a6, org.springframework.security.web.authentication.ui.DefaultLogoutPageGeneratingFilter@5205b3e2, org.springframework.security.web.authentication.www.BasicAuthenticationFilter@7fd7965b, org.springframework.security.web.savedrequest.RequestCacheAwareFilter@65011123, org.springframework.security.web.servletapi.SecurityContextHolderAwareRequestFilter@20e4e27f, org.springframework.security.web.authentication.AnonymousAuthenticationFilter@2802caa2, org.springframework.security.web.session.SessionManagementFilter@611ffa8d, org.springframework.security.web.access.ExceptionTranslationFilter@738ed8d3, org.springframework.security.web.access.intercept.FilterSecurityInterceptor@4407f129]
2023-02-21 11:15:12.715  INFO 82840 --- [main] com.example.demo.MockitoTest             : Started MockitoTest in 9.701 seconds (JVM running for 11.273)
2023-02-21 11:15:13.201  INFO 82840 --- [SpringApplicationShutdownHook] j.LocalContainerEntityManagerFactoryBean : Closing JPA EntityManagerFactory for persistence unit 'default'
2023-02-21 11:15:13.204  INFO 82840 --- [SpringApplicationShutdownHook] com.zaxxer.hikari.HikariDataSource       : HikariPool-1 - Shutdown initiated...
2023-02-21 11:15:13.215  INFO 82840 --- [SpringApplicationShutdownHook] com.zaxxer.hikari.HikariDataSource       : HikariPool-1 - Shutdown completed.
2023-02-21 11:56:13.977  WARN 68824 --- [HikariPool-2 housekeeper] com.zaxxer.hikari.pool.HikariPool        : HikariPool-2 - Thread starvation or clock leap detected (housekeeper delta=20m25s199ms953µs200ns).
2023-02-21 12:09:57.891  WARN 68824 --- [HikariPool-2 housekeeper] com.zaxxer.hikari.pool.HikariPool        : HikariPool-2 - Thread starvation or clock leap detected (housekeeper delta=1m14s185ms180µs400ns).
2023-02-21 14:22:02.013  WARN 68824 --- [HikariPool-2 housekeeper] com.zaxxer.hikari.pool.HikariPool        : HikariPool-2 - Thread starvation or clock leap detected (housekeeper delta=1h1m33s22ms45µs500ns).
