2023-02-19 19:23:54.071  WARN 238680 --- [HikariPool-2 housekeeper] com.zaxxer.hikari.pool.HikariPool        : HikariPool-2 - Thread starvation or clock leap detected (housekeeper delta=2d3h38m11s122ms90µs200ns).
2023-02-19 20:09:28.300  INFO 238680 --- [http-nio-1234-exec-1] o.a.c.c.C.[Tomcat].[localhost].[/]       : Initializing Spring DispatcherServlet 'dispatcherServlet'
2023-02-19 20:09:28.304  INFO 238680 --- [http-nio-1234-exec-1] o.s.web.servlet.DispatcherServlet        : Initializing Servlet 'dispatcherServlet'
2023-02-19 20:09:28.370  INFO 238680 --- [http-nio-1234-exec-1] o.s.web.servlet.DispatcherServlet        : Completed initialization in 66 ms
2023-02-19 20:09:37.924  INFO 238680 --- [http-nio-1234-exec-9] o.springdoc.api.AbstractOpenApiResource  : Init duration for springdoc-openapi is: 456 ms
2023-02-19 22:47:59.008  INFO 11240 --- [main] c.e.demo.CrudOperationsApplicationTests  : Starting CrudOperationsApplicationTests using Java 17.0.4.1 on CLAP3335 with PID 11240 (started by dineshkumar.mr in C:\Users\dineshkumar.mr\Documents\workspace-spring-tool-suite-4-4.16.1.RELEASE\CrudOperations)
2023-02-19 22:47:59.009 DEBUG 11240 --- [main] c.e.demo.CrudOperationsApplicationTests  : Running with Spring Boot v2.7.5, Spring v5.3.23
2023-02-19 22:47:59.010  INFO 11240 --- [main] c.e.demo.CrudOperationsApplicationTests  : No active profile set, falling back to 1 default profile: "default"
2023-02-19 22:47:59.776  INFO 11240 --- [main] .s.d.r.c.RepositoryConfigurationDelegate : Bootstrapping Spring Data JPA repositories in DEFAULT mode.
2023-02-19 22:47:59.835  INFO 11240 --- [main] .s.d.r.c.RepositoryConfigurationDelegate : Finished Spring Data repository scanning in 47 ms. Found 1 JPA repository interfaces.
2023-02-19 22:48:00.126  INFO 11240 --- [main] trationDelegate$BeanPostProcessorChecker : Bean 'org.springframework.ws.config.annotation.DelegatingWsConfiguration' of type [org.springframework.ws.config.annotation.DelegatingWsConfiguration$$EnhancerBySpringCGLIB$$1a9055d3] is not eligible for getting processed by all BeanPostProcessors (for example: not eligible for auto-proxying)
2023-02-19 22:48:00.178  INFO 11240 --- [main] .w.s.a.s.AnnotationActionEndpointMapping : Supporting [WS-Addressing August 2004, WS-Addressing 1.0]
2023-02-19 22:48:00.660  INFO 11240 --- [main] o.hibernate.jpa.internal.util.LogHelper  : HHH000204: Processing PersistenceUnitInfo [name: default]
2023-02-19 22:48:00.728  INFO 11240 --- [main] org.hibernate.Version                    : HHH000412: Hibernate ORM core version 5.6.12.Final
2023-02-19 22:48:00.910  INFO 11240 --- [main] o.hibernate.annotations.common.Version   : HCANN000001: Hibernate Commons Annotations {5.1.2.Final}
2023-02-19 22:48:01.079  INFO 11240 --- [main] com.zaxxer.hikari.HikariDataSource       : HikariPool-1 - Starting...
2023-02-19 22:48:01.366  INFO 11240 --- [main] com.zaxxer.hikari.HikariDataSource       : HikariPool-1 - Start completed.
2023-02-19 22:48:01.396  INFO 11240 --- [main] org.hibernate.dialect.Dialect            : HHH000400: Using dialect: org.hibernate.dialect.MySQL8Dialect
2023-02-19 22:48:02.102  INFO 11240 --- [main] o.h.e.t.j.p.i.JtaPlatformInitiator       : HHH000490: Using JtaPlatform implementation: [org.hibernate.engine.transaction.jta.platform.internal.NoJtaPlatform]
2023-02-19 22:48:02.114  INFO 11240 --- [main] j.LocalContainerEntityManagerFactoryBean : Initialized JPA EntityManagerFactory for persistence unit 'default'
2023-02-19 22:48:03.066  WARN 11240 --- [main] JpaBaseConfiguration$JpaWebConfiguration : spring.jpa.open-in-view is enabled by default. Therefore, database queries may be performed during view rendering. Explicitly configure spring.jpa.open-in-view to disable this warning
2023-02-19 22:48:04.791  INFO 11240 --- [main] c.e.demo.CrudOperationsApplicationTests  : Started CrudOperationsApplicationTests in 6.125 seconds (JVM running for 7.31)
2023-02-19 22:48:05.070  INFO 11240 --- [main] .b.t.c.SpringBootTestContextBootstrapper : Neither @ContextConfiguration nor @ContextHierarchy found for test class [com.example.demo.MockitoTest], using SpringBootContextLoader
2023-02-19 22:48:05.070  INFO 11240 --- [main] o.s.t.c.support.AbstractContextLoader    : Could not detect default resource locations for test class [com.example.demo.MockitoTest]: no resource found for suffixes {-context.xml, Context.groovy}.
2023-02-19 22:48:05.078  INFO 11240 --- [main] .b.t.c.SpringBootTestContextBootstrapper : Loaded default TestExecutionListener class names from location [META-INF/spring.factories]: [org.springframework.boot.test.mock.mockito.MockitoTestExecutionListener, org.springframework.boot.test.mock.mockito.ResetMocksTestExecutionListener, org.springframework.boot.test.autoconfigure.restdocs.RestDocsTestExecutionListener, org.springframework.boot.test.autoconfigure.web.client.MockRestServiceServerResetTestExecutionListener, org.springframework.boot.test.autoconfigure.web.servlet.MockMvcPrintOnlyOnFailureTestExecutionListener, org.springframework.boot.test.autoconfigure.web.servlet.WebDriverTestExecutionListener, org.springframework.boot.test.autoconfigure.webservices.client.MockWebServiceServerTestExecutionListener, org.springframework.test.context.web.ServletTestExecutionListener, org.springframework.test.context.support.DirtiesContextBeforeModesTestExecutionListener, org.springframework.test.context.event.ApplicationEventsTestExecutionListener, org.springframework.test.context.support.DependencyInjectionTestExecutionListener, org.springframework.test.context.support.DirtiesContextTestExecutionListener, org.springframework.test.context.transaction.TransactionalTestExecutionListener, org.springframework.test.context.jdbc.SqlScriptsTestExecutionListener, org.springframework.test.context.event.EventPublishingTestExecutionListener]
2023-02-19 22:48:05.078  INFO 11240 --- [main] .b.t.c.SpringBootTestContextBootstrapper : Using TestExecutionListeners: [org.springframework.test.context.web.ServletTestExecutionListener@11efa76e, org.springframework.test.context.support.DirtiesContextBeforeModesTestExecutionListener@35c83c56, org.springframework.test.context.event.ApplicationEventsTestExecutionListener@1899c7ae, org.springframework.boot.test.mock.mockito.MockitoTestExecutionListener@5cdf2c83, org.springframework.boot.test.autoconfigure.SpringBootDependencyInjectionTestExecutionListener@30e734a1, org.springframework.test.context.support.DirtiesContextTestExecutionListener@44b99467, org.springframework.test.context.transaction.TransactionalTestExecutionListener@124b8fe9, org.springframework.test.context.jdbc.SqlScriptsTestExecutionListener@37d50217, org.springframework.test.context.event.EventPublishingTestExecutionListener@3e9e7a70, org.springframework.boot.test.mock.mockito.ResetMocksTestExecutionListener@360ccb68, org.springframework.boot.test.autoconfigure.restdocs.RestDocsTestExecutionListener@78762e87, org.springframework.boot.test.autoconfigure.web.client.MockRestServiceServerResetTestExecutionListener@672c4e24, org.springframework.boot.test.autoconfigure.web.servlet.MockMvcPrintOnlyOnFailureTestExecutionListener@2aacf54b, org.springframework.boot.test.autoconfigure.web.servlet.WebDriverTestExecutionListener@7a2b3cfd, org.springframework.boot.test.autoconfigure.webservices.client.MockWebServiceServerTestExecutionListener@33602729]
2023-02-19 22:48:05.126  INFO 11240 --- [main] com.example.demo.MockitoTest             : Starting MockitoTest using Java 17.0.4.1 on CLAP3335 with PID 11240 (started by dineshkumar.mr in C:\Users\dineshkumar.mr\Documents\workspace-spring-tool-suite-4-4.16.1.RELEASE\CrudOperations)
2023-02-19 22:48:05.126 DEBUG 11240 --- [main] com.example.demo.MockitoTest             : Running with Spring Boot v2.7.5, Spring v5.3.23
2023-02-19 22:48:05.126  INFO 11240 --- [main] com.example.demo.MockitoTest             : No active profile set, falling back to 1 default profile: "default"
2023-02-19 22:48:05.145  INFO 11240 --- [main] com.example.demo.MockitoTest             : Started MockitoTest in 0.062 seconds (JVM running for 7.665)
2023-02-19 22:48:05.298  INFO 11240 --- [SpringApplicationShutdownHook] j.LocalContainerEntityManagerFactoryBean : Closing JPA EntityManagerFactory for persistence unit 'default'
2023-02-19 22:48:05.301  INFO 11240 --- [SpringApplicationShutdownHook] com.zaxxer.hikari.HikariDataSource       : HikariPool-1 - Shutdown initiated...
2023-02-19 22:48:05.309  INFO 11240 --- [SpringApplicationShutdownHook] com.zaxxer.hikari.HikariDataSource       : HikariPool-1 - Shutdown completed.
