2023-02-22 11:00:18.092  WARN 68824 --- [HikariPool-2 housekeeper] com.zaxxer.hikari.pool.HikariPool        : HikariPool-2 - Thread starvation or clock leap detected (housekeeper delta=17h5m12s994ms695µs100ns).
2023-02-22 11:42:33.388  INFO 96468 --- [main] com.example.demo.MockitoTest             : Starting MockitoTest using Java 17.0.4.1 on CLAP3335 with PID 96468 (started by dineshkumar.mr in C:\Users\dineshkumar.mr\Documents\workspace-spring-tool-suite-4-4.16.1.RELEASE\CrudOperations)
2023-02-22 11:42:33.390 DEBUG 96468 --- [main] com.example.demo.MockitoTest             : Running with Spring Boot v2.7.5, Spring v5.3.23
2023-02-22 11:42:33.390  INFO 96468 --- [main] com.example.demo.MockitoTest             : No active profile set, falling back to 1 default profile: "default"
2023-02-22 11:42:34.450  INFO 96468 --- [main] .s.d.r.c.RepositoryConfigurationDelegate : Bootstrapping Spring Data JPA repositories in DEFAULT mode.
2023-02-22 11:42:34.515  INFO 96468 --- [main] .s.d.r.c.RepositoryConfigurationDelegate : Finished Spring Data repository scanning in 54 ms. Found 1 JPA repository interfaces.
2023-02-22 11:42:34.968  INFO 96468 --- [main] trationDelegate$BeanPostProcessorChecker : Bean 'org.springframework.ws.config.annotation.DelegatingWsConfiguration' of type [org.springframework.ws.config.annotation.DelegatingWsConfiguration$$EnhancerBySpringCGLIB$$8eb5ed48] is not eligible for getting processed by all BeanPostProcessors (for example: not eligible for auto-proxying)
2023-02-22 11:42:35.028  INFO 96468 --- [main] .w.s.a.s.AnnotationActionEndpointMapping : Supporting [WS-Addressing August 2004, WS-Addressing 1.0]
2023-02-22 11:42:35.689  INFO 96468 --- [main] o.hibernate.jpa.internal.util.LogHelper  : HHH000204: Processing PersistenceUnitInfo [name: default]
2023-02-22 11:42:35.804  INFO 96468 --- [main] org.hibernate.Version                    : HHH000412: Hibernate ORM core version 5.6.12.Final
2023-02-22 11:42:36.094  INFO 96468 --- [main] o.hibernate.annotations.common.Version   : HCANN000001: Hibernate Commons Annotations {5.1.2.Final}
2023-02-22 11:42:36.364  INFO 96468 --- [main] com.zaxxer.hikari.HikariDataSource       : HikariPool-1 - Starting...
2023-02-22 11:42:36.825  INFO 96468 --- [main] com.zaxxer.hikari.HikariDataSource       : HikariPool-1 - Start completed.
2023-02-22 11:42:36.884  INFO 96468 --- [main] org.hibernate.dialect.Dialect            : HHH000400: Using dialect: org.hibernate.dialect.MySQL8Dialect
2023-02-22 11:42:37.892  INFO 96468 --- [main] o.h.e.t.j.p.i.JtaPlatformInitiator       : HHH000490: Using JtaPlatform implementation: [org.hibernate.engine.transaction.jta.platform.internal.NoJtaPlatform]
2023-02-22 11:42:37.905  INFO 96468 --- [main] j.LocalContainerEntityManagerFactoryBean : Initialized JPA EntityManagerFactory for persistence unit 'default'
2023-02-22 11:42:39.641  WARN 96468 --- [main] JpaBaseConfiguration$JpaWebConfiguration : spring.jpa.open-in-view is enabled by default. Therefore, database queries may be performed during view rendering. Explicitly configure spring.jpa.open-in-view to disable this warning
2023-02-22 11:42:43.446  INFO 96468 --- [main] o.s.s.web.DefaultSecurityFilterChain     : Will secure any request with [org.springframework.security.web.session.DisableEncodeUrlFilter@15ff247b, org.springframework.security.web.context.request.async.WebAsyncManagerIntegrationFilter@71979130, org.springframework.security.web.context.SecurityContextPersistenceFilter@6abbdcde, org.springframework.security.web.header.HeaderWriterFilter@38447073, org.springframework.security.web.csrf.CsrfFilter@542b27af, org.springframework.security.web.authentication.logout.LogoutFilter@43a9988a, org.springframework.security.web.authentication.UsernamePasswordAuthenticationFilter@47a72c32, org.springframework.security.web.authentication.ui.DefaultLoginPageGeneratingFilter@18a349cb, org.springframework.security.web.authentication.ui.DefaultLogoutPageGeneratingFilter@3b2317b7, org.springframework.security.web.authentication.www.BasicAuthenticationFilter@7212d3df, org.springframework.security.web.savedrequest.RequestCacheAwareFilter@49f32bcb, org.springframework.security.web.servletapi.SecurityContextHolderAwareRequestFilter@1af29a19, org.springframework.security.web.authentication.AnonymousAuthenticationFilter@56c26b21, org.springframework.security.web.session.SessionManagementFilter@18f1631c, org.springframework.security.web.access.ExceptionTranslationFilter@6a9c848, org.springframework.security.web.access.intercept.FilterSecurityInterceptor@5834fd3f]
2023-02-22 11:42:43.743  INFO 96468 --- [main] com.example.demo.MockitoTest             : Started MockitoTest in 10.899 seconds (JVM running for 12.447)
2023-02-22 11:42:44.270  INFO 96468 --- [SpringApplicationShutdownHook] j.LocalContainerEntityManagerFactoryBean : Closing JPA EntityManagerFactory for persistence unit 'default'
2023-02-22 11:42:44.272  INFO 96468 --- [SpringApplicationShutdownHook] com.zaxxer.hikari.HikariDataSource       : HikariPool-1 - Shutdown initiated...
2023-02-22 11:42:44.281  INFO 96468 --- [SpringApplicationShutdownHook] com.zaxxer.hikari.HikariDataSource       : HikariPool-1 - Shutdown completed.
2023-02-22 11:44:14.188  WARN 68824 --- [HikariPool-2 housekeeper] com.zaxxer.hikari.pool.HikariPool        : HikariPool-2 - Thread starvation or clock leap detected (housekeeper delta=1m56s127ms850µs500ns).
2023-02-22 11:45:11.481  INFO 68824 --- [RMI TCP Connection(482)-127.0.0.1] inMXBeanRegistrar$SpringApplicationAdmin : Application shutdown requested.
2023-02-22 11:45:11.525  INFO 68824 --- [RMI TCP Connection(482)-127.0.0.1] o.apache.catalina.core.StandardService   : Stopping service [Tomcat]
2023-02-22 11:45:11.531  INFO 68824 --- [RMI TCP Connection(482)-127.0.0.1] o.a.c.c.C.[Tomcat].[localhost].[/]       : Destroying Spring FrameworkServlet 'dispatcherServlet'
2023-02-22 11:45:11.562  INFO 68824 --- [RMI TCP Connection(482)-127.0.0.1] j.LocalContainerEntityManagerFactoryBean : Closing JPA EntityManagerFactory for persistence unit 'default'
2023-02-22 11:45:11.571  INFO 68824 --- [RMI TCP Connection(482)-127.0.0.1] com.zaxxer.hikari.HikariDataSource       : HikariPool-2 - Shutdown initiated...
2023-02-22 11:45:11.575  INFO 68824 --- [RMI TCP Connection(482)-127.0.0.1] com.zaxxer.hikari.HikariDataSource       : HikariPool-2 - Shutdown completed.
2023-02-22 11:47:14.428  INFO 78092 --- [main] com.example.demo.MockitoTest             : Starting MockitoTest using Java 17.0.4.1 on CLAP3335 with PID 78092 (started by dineshkumar.mr in C:\Users\dineshkumar.mr\Documents\workspace-spring-tool-suite-4-4.16.1.RELEASE\CrudOperations)
2023-02-22 11:47:14.430 DEBUG 78092 --- [main] com.example.demo.MockitoTest             : Running with Spring Boot v2.7.5, Spring v5.3.23
2023-02-22 11:47:14.430  INFO 78092 --- [main] com.example.demo.MockitoTest             : No active profile set, falling back to 1 default profile: "default"
2023-02-22 11:47:15.331  INFO 78092 --- [main] .s.d.r.c.RepositoryConfigurationDelegate : Bootstrapping Spring Data JPA repositories in DEFAULT mode.
2023-02-22 11:47:15.384  INFO 78092 --- [main] .s.d.r.c.RepositoryConfigurationDelegate : Finished Spring Data repository scanning in 43 ms. Found 1 JPA repository interfaces.
2023-02-22 11:47:15.728  INFO 78092 --- [main] trationDelegate$BeanPostProcessorChecker : Bean 'org.springframework.ws.config.annotation.DelegatingWsConfiguration' of type [org.springframework.ws.config.annotation.DelegatingWsConfiguration$$EnhancerBySpringCGLIB$$62bec97f] is not eligible for getting processed by all BeanPostProcessors (for example: not eligible for auto-proxying)
2023-02-22 11:47:15.779  INFO 78092 --- [main] .w.s.a.s.AnnotationActionEndpointMapping : Supporting [WS-Addressing August 2004, WS-Addressing 1.0]
2023-02-22 11:47:16.306  INFO 78092 --- [main] o.hibernate.jpa.internal.util.LogHelper  : HHH000204: Processing PersistenceUnitInfo [name: default]
2023-02-22 11:47:16.377  INFO 78092 --- [main] org.hibernate.Version                    : HHH000412: Hibernate ORM core version 5.6.12.Final
2023-02-22 11:47:16.602  INFO 78092 --- [main] o.hibernate.annotations.common.Version   : HCANN000001: Hibernate Commons Annotations {5.1.2.Final}
2023-02-22 11:47:16.790  INFO 78092 --- [main] com.zaxxer.hikari.HikariDataSource       : HikariPool-1 - Starting...
2023-02-22 11:47:17.097  INFO 78092 --- [main] com.zaxxer.hikari.HikariDataSource       : HikariPool-1 - Start completed.
2023-02-22 11:47:17.140  INFO 78092 --- [main] org.hibernate.dialect.Dialect            : HHH000400: Using dialect: org.hibernate.dialect.MySQL8Dialect
2023-02-22 11:47:17.894  INFO 78092 --- [main] o.h.e.t.j.p.i.JtaPlatformInitiator       : HHH000490: Using JtaPlatform implementation: [org.hibernate.engine.transaction.jta.platform.internal.NoJtaPlatform]
2023-02-22 11:47:17.907  INFO 78092 --- [main] j.LocalContainerEntityManagerFactoryBean : Initialized JPA EntityManagerFactory for persistence unit 'default'
2023-02-22 11:47:18.990  WARN 78092 --- [main] JpaBaseConfiguration$JpaWebConfiguration : spring.jpa.open-in-view is enabled by default. Therefore, database queries may be performed during view rendering. Explicitly configure spring.jpa.open-in-view to disable this warning
2023-02-22 11:47:21.229  INFO 78092 --- [main] o.s.s.web.DefaultSecurityFilterChain     : Will secure any request with [org.springframework.security.web.session.DisableEncodeUrlFilter@7a59780b, org.springframework.security.web.context.request.async.WebAsyncManagerIntegrationFilter@5205b3e2, org.springframework.security.web.context.SecurityContextPersistenceFilter@16bbb59c, org.springframework.security.web.header.HeaderWriterFilter@7d7d7b1a, org.springframework.security.web.csrf.CsrfFilter@5c7c22ce, org.springframework.security.web.authentication.logout.LogoutFilter@72f91c91, org.springframework.security.web.authentication.UsernamePasswordAuthenticationFilter@5d7f4cbb, org.springframework.security.web.authentication.ui.DefaultLoginPageGeneratingFilter@17a89cb1, org.springframework.security.web.authentication.ui.DefaultLogoutPageGeneratingFilter@2802caa2, org.springframework.security.web.authentication.www.BasicAuthenticationFilter@9742012, org.springframework.security.web.savedrequest.RequestCacheAwareFilter@9423344, org.springframework.security.web.servletapi.SecurityContextHolderAwareRequestFilter@73ccdfc1, org.springframework.security.web.authentication.AnonymousAuthenticationFilter@6b9f5dcf, org.springframework.security.web.session.SessionManagementFilter@20e4e27f, org.springframework.security.web.access.ExceptionTranslationFilter@60515ab1, org.springframework.security.web.access.intercept.FilterSecurityInterceptor@731bdcca]
2023-02-22 11:47:21.393  INFO 78092 --- [main] com.example.demo.MockitoTest             : Started MockitoTest in 7.381 seconds (JVM running for 8.566)
2023-02-22 11:47:21.757  INFO 78092 --- [SpringApplicationShutdownHook] j.LocalContainerEntityManagerFactoryBean : Closing JPA EntityManagerFactory for persistence unit 'default'
2023-02-22 11:47:21.760  INFO 78092 --- [SpringApplicationShutdownHook] com.zaxxer.hikari.HikariDataSource       : HikariPool-1 - Shutdown initiated...
2023-02-22 11:47:21.769  INFO 78092 --- [SpringApplicationShutdownHook] com.zaxxer.hikari.HikariDataSource       : HikariPool-1 - Shutdown completed.
2023-02-22 11:48:19.798  INFO 98820 --- [main] com.example.demo.MockitoTest             : Starting MockitoTest using Java 17.0.4.1 on CLAP3335 with PID 98820 (started by dineshkumar.mr in C:\Users\dineshkumar.mr\Documents\workspace-spring-tool-suite-4-4.16.1.RELEASE\CrudOperations)
2023-02-22 11:48:19.799 DEBUG 98820 --- [main] com.example.demo.MockitoTest             : Running with Spring Boot v2.7.5, Spring v5.3.23
2023-02-22 11:48:19.799  INFO 98820 --- [main] com.example.demo.MockitoTest             : No active profile set, falling back to 1 default profile: "default"
2023-02-22 11:48:20.551  INFO 98820 --- [main] .s.d.r.c.RepositoryConfigurationDelegate : Bootstrapping Spring Data JPA repositories in DEFAULT mode.
2023-02-22 11:48:20.604  INFO 98820 --- [main] .s.d.r.c.RepositoryConfigurationDelegate : Finished Spring Data repository scanning in 44 ms. Found 1 JPA repository interfaces.
2023-02-22 11:48:20.928  INFO 98820 --- [main] trationDelegate$BeanPostProcessorChecker : Bean 'org.springframework.ws.config.annotation.DelegatingWsConfiguration' of type [org.springframework.ws.config.annotation.DelegatingWsConfiguration$$EnhancerBySpringCGLIB$$d0c9806e] is not eligible for getting processed by all BeanPostProcessors (for example: not eligible for auto-proxying)
2023-02-22 11:48:20.978  INFO 98820 --- [main] .w.s.a.s.AnnotationActionEndpointMapping : Supporting [WS-Addressing August 2004, WS-Addressing 1.0]
2023-02-22 11:48:21.472  INFO 98820 --- [main] o.hibernate.jpa.internal.util.LogHelper  : HHH000204: Processing PersistenceUnitInfo [name: default]
2023-02-22 11:48:21.537  INFO 98820 --- [main] org.hibernate.Version                    : HHH000412: Hibernate ORM core version 5.6.12.Final
2023-02-22 11:48:21.724  INFO 98820 --- [main] o.hibernate.annotations.common.Version   : HCANN000001: Hibernate Commons Annotations {5.1.2.Final}
2023-02-22 11:48:21.897  INFO 98820 --- [main] com.zaxxer.hikari.HikariDataSource       : HikariPool-1 - Starting...
2023-02-22 11:48:22.201  INFO 98820 --- [main] com.zaxxer.hikari.HikariDataSource       : HikariPool-1 - Start completed.
2023-02-22 11:48:22.236  INFO 98820 --- [main] org.hibernate.dialect.Dialect            : HHH000400: Using dialect: org.hibernate.dialect.MySQL8Dialect
2023-02-22 11:48:22.932  INFO 98820 --- [main] o.h.e.t.j.p.i.JtaPlatformInitiator       : HHH000490: Using JtaPlatform implementation: [org.hibernate.engine.transaction.jta.platform.internal.NoJtaPlatform]
2023-02-22 11:48:22.942  INFO 98820 --- [main] j.LocalContainerEntityManagerFactoryBean : Initialized JPA EntityManagerFactory for persistence unit 'default'
2023-02-22 11:48:23.969  WARN 98820 --- [main] JpaBaseConfiguration$JpaWebConfiguration : spring.jpa.open-in-view is enabled by default. Therefore, database queries may be performed during view rendering. Explicitly configure spring.jpa.open-in-view to disable this warning
2023-02-22 11:48:25.964  INFO 98820 --- [main] o.s.s.web.DefaultSecurityFilterChain     : Will secure any request with [org.springframework.security.web.session.DisableEncodeUrlFilter@f28ee19, org.springframework.security.web.context.request.async.WebAsyncManagerIntegrationFilter@7c07deff, org.springframework.security.web.context.SecurityContextPersistenceFilter@715ea64a, org.springframework.security.web.header.HeaderWriterFilter@16a89351, org.springframework.security.web.csrf.CsrfFilter@6e200307, org.springframework.security.web.authentication.logout.LogoutFilter@3da8a302, org.springframework.security.web.authentication.UsernamePasswordAuthenticationFilter@1ddf9fd, org.springframework.security.web.authentication.ui.DefaultLoginPageGeneratingFilter@5d4af473, org.springframework.security.web.authentication.ui.DefaultLogoutPageGeneratingFilter@65374526, org.springframework.security.web.authentication.www.BasicAuthenticationFilter@4f378d7e, org.springframework.security.web.savedrequest.RequestCacheAwareFilter@215efb16, org.springframework.security.web.servletapi.SecurityContextHolderAwareRequestFilter@173da924, org.springframework.security.web.authentication.AnonymousAuthenticationFilter@664c0466, org.springframework.security.web.session.SessionManagementFilter@2f9d47a3, org.springframework.security.web.access.ExceptionTranslationFilter@2dc54b50, org.springframework.security.web.access.intercept.FilterSecurityInterceptor@2e1b1d22]
2023-02-22 11:48:26.151  INFO 98820 --- [main] com.example.demo.MockitoTest             : Started MockitoTest in 6.693 seconds (JVM running for 7.83)
2023-02-22 11:48:26.542  INFO 98820 --- [SpringApplicationShutdownHook] j.LocalContainerEntityManagerFactoryBean : Closing JPA EntityManagerFactory for persistence unit 'default'
2023-02-22 11:48:26.545  INFO 98820 --- [SpringApplicationShutdownHook] com.zaxxer.hikari.HikariDataSource       : HikariPool-1 - Shutdown initiated...
2023-02-22 11:48:26.552  INFO 98820 --- [SpringApplicationShutdownHook] com.zaxxer.hikari.HikariDataSource       : HikariPool-1 - Shutdown completed.
2023-02-22 14:54:12.224  INFO 111980 --- [main] com.example.demo.MockitoTest             : Starting MockitoTest using Java 17.0.4.1 on CLAP3335 with PID 111980 (started by dineshkumar.mr in C:\Users\dineshkumar.mr\Documents\workspace-spring-tool-suite-4-4.16.1.RELEASE\CrudOperations)
2023-02-22 14:54:12.226 DEBUG 111980 --- [main] com.example.demo.MockitoTest             : Running with Spring Boot v2.7.5, Spring v5.3.23
2023-02-22 14:54:12.226  INFO 111980 --- [main] com.example.demo.MockitoTest             : No active profile set, falling back to 1 default profile: "default"
2023-02-22 14:54:13.026  INFO 111980 --- [main] .s.d.r.c.RepositoryConfigurationDelegate : Bootstrapping Spring Data JPA repositories in DEFAULT mode.
2023-02-22 14:54:13.070  INFO 111980 --- [main] .s.d.r.c.RepositoryConfigurationDelegate : Finished Spring Data repository scanning in 36 ms. Found 1 JPA repository interfaces.
2023-02-22 14:54:13.436  INFO 111980 --- [main] trationDelegate$BeanPostProcessorChecker : Bean 'org.springframework.ws.config.annotation.DelegatingWsConfiguration' of type [org.springframework.ws.config.annotation.DelegatingWsConfiguration$$EnhancerBySpringCGLIB$$63a705df] is not eligible for getting processed by all BeanPostProcessors (for example: not eligible for auto-proxying)
2023-02-22 14:54:13.486  INFO 111980 --- [main] .w.s.a.s.AnnotationActionEndpointMapping : Supporting [WS-Addressing August 2004, WS-Addressing 1.0]
2023-02-22 14:54:13.957  INFO 111980 --- [main] o.hibernate.jpa.internal.util.LogHelper  : HHH000204: Processing PersistenceUnitInfo [name: default]
2023-02-22 14:54:14.026  INFO 111980 --- [main] org.hibernate.Version                    : HHH000412: Hibernate ORM core version 5.6.12.Final
2023-02-22 14:54:14.215  INFO 111980 --- [main] o.hibernate.annotations.common.Version   : HCANN000001: Hibernate Commons Annotations {5.1.2.Final}
2023-02-22 14:54:14.377  INFO 111980 --- [main] com.zaxxer.hikari.HikariDataSource       : HikariPool-1 - Starting...
2023-02-22 14:54:14.685  INFO 111980 --- [main] com.zaxxer.hikari.HikariDataSource       : HikariPool-1 - Start completed.
2023-02-22 14:54:14.722  INFO 111980 --- [main] org.hibernate.dialect.Dialect            : HHH000400: Using dialect: org.hibernate.dialect.MySQL8Dialect
2023-02-22 14:54:15.436  INFO 111980 --- [main] o.h.e.t.j.p.i.JtaPlatformInitiator       : HHH000490: Using JtaPlatform implementation: [org.hibernate.engine.transaction.jta.platform.internal.NoJtaPlatform]
2023-02-22 14:54:15.450  INFO 111980 --- [main] j.LocalContainerEntityManagerFactoryBean : Initialized JPA EntityManagerFactory for persistence unit 'default'
2023-02-22 14:54:16.447  WARN 111980 --- [main] JpaBaseConfiguration$JpaWebConfiguration : spring.jpa.open-in-view is enabled by default. Therefore, database queries may be performed during view rendering. Explicitly configure spring.jpa.open-in-view to disable this warning
2023-02-22 14:54:18.893  INFO 111980 --- [main] o.s.s.web.DefaultSecurityFilterChain     : Will secure any request with [org.springframework.security.web.session.DisableEncodeUrlFilter@708f238f, org.springframework.security.web.context.request.async.WebAsyncManagerIntegrationFilter@509d999c, org.springframework.security.web.context.SecurityContextPersistenceFilter@7672dd7a, org.springframework.security.web.header.HeaderWriterFilter@3d273300, org.springframework.security.web.csrf.CsrfFilter@40a2fdd2, org.springframework.security.web.authentication.logout.LogoutFilter@7271320c, org.springframework.security.web.authentication.UsernamePasswordAuthenticationFilter@2f154d9b, org.springframework.security.web.authentication.ui.DefaultLoginPageGeneratingFilter@3e9e7a70, org.springframework.security.web.authentication.ui.DefaultLogoutPageGeneratingFilter@12544a50, org.springframework.security.web.authentication.www.BasicAuthenticationFilter@3502b614, org.springframework.security.web.savedrequest.RequestCacheAwareFilter@62d4dac4, org.springframework.security.web.servletapi.SecurityContextHolderAwareRequestFilter@11efa76e, org.springframework.security.web.authentication.AnonymousAuthenticationFilter@125df632, org.springframework.security.web.session.SessionManagementFilter@5bbb351e, org.springframework.security.web.access.ExceptionTranslationFilter@3da8a302, org.springframework.security.web.access.intercept.FilterSecurityInterceptor@12922d53]
2023-02-22 14:54:19.088  INFO 111980 --- [main] com.example.demo.MockitoTest             : Started MockitoTest in 7.18 seconds (JVM running for 8.31)
2023-02-22 14:54:19.526  INFO 111980 --- [SpringApplicationShutdownHook] j.LocalContainerEntityManagerFactoryBean : Closing JPA EntityManagerFactory for persistence unit 'default'
2023-02-22 14:54:19.528  INFO 111980 --- [SpringApplicationShutdownHook] com.zaxxer.hikari.HikariDataSource       : HikariPool-1 - Shutdown initiated...
2023-02-22 14:54:19.540  INFO 111980 --- [SpringApplicationShutdownHook] com.zaxxer.hikari.HikariDataSource       : HikariPool-1 - Shutdown completed.
