2023-02-23 11:23:17.916  INFO 115208 --- [restartedMain] c.e.demo.CrudOperationsApplication       : Starting CrudOperationsApplication using Java 17.0.4.1 on CLAP3335 with PID 115208 (C:\Users\dineshkumar.mr\Documents\workspace-spring-tool-suite-4-4.16.1.RELEASE\CrudOperations\target\classes started by dineshkumar.mr in C:\Users\dineshkumar.mr\Documents\workspace-spring-tool-suite-4-4.16.1.RELEASE\CrudOperations)
2023-02-23 11:23:17.923 DEBUG 115208 --- [restartedMain] c.e.demo.CrudOperationsApplication       : Running with Spring Boot v2.7.5, Spring v5.3.23
2023-02-23 11:23:17.923  INFO 115208 --- [restartedMain] c.e.demo.CrudOperationsApplication       : No active profile set, falling back to 1 default profile: "default"
2023-02-23 11:23:17.997  INFO 115208 --- [restartedMain] .e.DevToolsPropertyDefaultsPostProcessor : Devtools property defaults active! Set 'spring.devtools.add-properties' to 'false' to disable
2023-02-23 11:23:17.998  INFO 115208 --- [restartedMain] .e.DevToolsPropertyDefaultsPostProcessor : For additional web related logging consider setting the 'logging.level.web' property to 'DEBUG'
2023-02-23 11:23:19.102  INFO 115208 --- [restartedMain] .s.d.r.c.RepositoryConfigurationDelegate : Bootstrapping Spring Data JPA repositories in DEFAULT mode.
2023-02-23 11:23:19.207  INFO 115208 --- [restartedMain] .s.d.r.c.RepositoryConfigurationDelegate : Finished Spring Data repository scanning in 84 ms. Found 1 JPA repository interfaces.
2023-02-23 11:23:19.753  INFO 115208 --- [restartedMain] trationDelegate$BeanPostProcessorChecker : Bean 'org.springframework.ws.config.annotation.DelegatingWsConfiguration' of type [org.springframework.ws.config.annotation.DelegatingWsConfiguration$$EnhancerBySpringCGLIB$$fded9b87] is not eligible for getting processed by all BeanPostProcessors (for example: not eligible for auto-proxying)
2023-02-23 11:23:19.843  INFO 115208 --- [restartedMain] .w.s.a.s.AnnotationActionEndpointMapping : Supporting [WS-Addressing August 2004, WS-Addressing 1.0]
2023-02-23 11:23:20.846  INFO 115208 --- [restartedMain] o.s.b.w.embedded.tomcat.TomcatWebServer  : Tomcat initialized with port(s): 1234 (http)
2023-02-23 11:23:20.867  INFO 115208 --- [restartedMain] o.apache.catalina.core.StandardService   : Starting service [Tomcat]
2023-02-23 11:23:20.867  INFO 115208 --- [restartedMain] org.apache.catalina.core.StandardEngine  : Starting Servlet engine: [Apache Tomcat/9.0.68]
2023-02-23 11:23:21.046  INFO 115208 --- [restartedMain] o.a.c.c.C.[Tomcat].[localhost].[/]       : Initializing Spring embedded WebApplicationContext
2023-02-23 11:23:21.047  INFO 115208 --- [restartedMain] w.s.c.ServletWebServerApplicationContext : Root WebApplicationContext: initialization completed in 3049 ms
2023-02-23 11:23:21.462  INFO 115208 --- [restartedMain] o.hibernate.jpa.internal.util.LogHelper  : HHH000204: Processing PersistenceUnitInfo [name: default]
2023-02-23 11:23:21.543  INFO 115208 --- [restartedMain] org.hibernate.Version                    : HHH000412: Hibernate ORM core version 5.6.12.Final
2023-02-23 11:23:21.840  INFO 115208 --- [restartedMain] o.hibernate.annotations.common.Version   : HCANN000001: Hibernate Commons Annotations {5.1.2.Final}
2023-02-23 11:23:21.982  INFO 115208 --- [restartedMain] com.zaxxer.hikari.HikariDataSource       : HikariPool-1 - Starting...
2023-02-23 11:23:22.417  INFO 115208 --- [restartedMain] com.zaxxer.hikari.HikariDataSource       : HikariPool-1 - Start completed.
2023-02-23 11:23:22.464  INFO 115208 --- [restartedMain] org.hibernate.dialect.Dialect            : HHH000400: Using dialect: org.hibernate.dialect.MySQL8Dialect
2023-02-23 11:23:23.392  INFO 115208 --- [restartedMain] o.h.e.t.j.p.i.JtaPlatformInitiator       : HHH000490: Using JtaPlatform implementation: [org.hibernate.engine.transaction.jta.platform.internal.NoJtaPlatform]
2023-02-23 11:23:23.407  INFO 115208 --- [restartedMain] j.LocalContainerEntityManagerFactoryBean : Initialized JPA EntityManagerFactory for persistence unit 'default'
2023-02-23 11:23:24.193  WARN 115208 --- [restartedMain] JpaBaseConfiguration$JpaWebConfiguration : spring.jpa.open-in-view is enabled by default. Therefore, database queries may be performed during view rendering. Explicitly configure spring.jpa.open-in-view to disable this warning
2023-02-23 11:23:25.882  INFO 115208 --- [restartedMain] o.s.s.web.DefaultSecurityFilterChain     : Will secure any request with [org.springframework.security.web.session.DisableEncodeUrlFilter@51b2cfb, org.springframework.security.web.context.request.async.WebAsyncManagerIntegrationFilter@6afb649b, org.springframework.security.web.context.SecurityContextPersistenceFilter@2ff6ebec, org.springframework.security.web.header.HeaderWriterFilter@2682dafc, org.springframework.security.web.csrf.CsrfFilter@4dadf033, org.springframework.security.web.authentication.logout.LogoutFilter@259d9d5f, org.springframework.security.web.authentication.UsernamePasswordAuthenticationFilter@df63f38, org.springframework.security.web.authentication.ui.DefaultLoginPageGeneratingFilter@329afc1b, org.springframework.security.web.authentication.ui.DefaultLogoutPageGeneratingFilter@6baa7099, org.springframework.security.web.authentication.www.BasicAuthenticationFilter@629c6994, org.springframework.security.web.savedrequest.RequestCacheAwareFilter@65b4ed5c, org.springframework.security.web.servletapi.SecurityContextHolderAwareRequestFilter@5cb82aab, org.springframework.security.web.authentication.AnonymousAuthenticationFilter@6df3266c, org.springframework.security.web.session.SessionManagementFilter@10d84760, org.springframework.security.web.access.ExceptionTranslationFilter@33e3d13, org.springframework.security.web.access.intercept.FilterSecurityInterceptor@1e561807]
2023-02-23 11:23:26.017  INFO 115208 --- [restartedMain] o.s.b.d.a.OptionalLiveReloadServer       : LiveReload server is running on port 35729
2023-02-23 11:23:26.081  INFO 115208 --- [restartedMain] o.s.b.w.embedded.tomcat.TomcatWebServer  : Tomcat started on port(s): 1234 (http) with context path ''
2023-02-23 11:23:26.095  INFO 115208 --- [restartedMain] c.e.demo.CrudOperationsApplication       : Started CrudOperationsApplication in 8.826 seconds (JVM running for 10.169)
2023-02-23 11:28:16.150  INFO 115208 --- [http-nio-1234-exec-1] o.a.c.c.C.[Tomcat].[localhost].[/]       : Initializing Spring DispatcherServlet 'dispatcherServlet'
2023-02-23 11:28:16.152  INFO 115208 --- [http-nio-1234-exec-1] o.s.web.servlet.DispatcherServlet        : Initializing Servlet 'dispatcherServlet'
2023-02-23 11:28:16.157  INFO 115208 --- [http-nio-1234-exec-1] o.s.web.servlet.DispatcherServlet        : Completed initialization in 5 ms
2023-02-23 11:32:57.146  INFO 115208 --- [File Watcher] rtingClassPathChangeChangedEventListener : Restarting due to 1 class path change (0 additions, 0 deletions, 1 modification)
2023-02-23 11:32:57.177  INFO 115208 --- [Thread-5] o.apache.catalina.core.StandardService   : Stopping service [Tomcat]
2023-02-23 11:32:57.179  INFO 115208 --- [Thread-5] o.a.c.c.C.[Tomcat].[localhost].[/]       : Destroying Spring FrameworkServlet 'dispatcherServlet'
2023-02-23 11:32:57.205  INFO 115208 --- [Thread-5] j.LocalContainerEntityManagerFactoryBean : Closing JPA EntityManagerFactory for persistence unit 'default'
2023-02-23 11:32:57.211  INFO 115208 --- [Thread-5] com.zaxxer.hikari.HikariDataSource       : HikariPool-1 - Shutdown initiated...
2023-02-23 11:32:57.223  INFO 115208 --- [Thread-5] com.zaxxer.hikari.HikariDataSource       : HikariPool-1 - Shutdown completed.
2023-02-23 11:32:57.337  INFO 115208 --- [restartedMain] c.e.demo.CrudOperationsApplication       : Starting CrudOperationsApplication using Java 17.0.4.1 on CLAP3335 with PID 115208 (C:\Users\dineshkumar.mr\Documents\workspace-spring-tool-suite-4-4.16.1.RELEASE\CrudOperations\target\classes started by dineshkumar.mr in C:\Users\dineshkumar.mr\Documents\workspace-spring-tool-suite-4-4.16.1.RELEASE\CrudOperations)
2023-02-23 11:32:57.338 DEBUG 115208 --- [restartedMain] c.e.demo.CrudOperationsApplication       : Running with Spring Boot v2.7.5, Spring v5.3.23
2023-02-23 11:32:57.338  INFO 115208 --- [restartedMain] c.e.demo.CrudOperationsApplication       : No active profile set, falling back to 1 default profile: "default"
2023-02-23 11:32:57.656  INFO 115208 --- [restartedMain] .s.d.r.c.RepositoryConfigurationDelegate : Bootstrapping Spring Data JPA repositories in DEFAULT mode.
2023-02-23 11:32:57.667  INFO 115208 --- [restartedMain] .s.d.r.c.RepositoryConfigurationDelegate : Finished Spring Data repository scanning in 10 ms. Found 1 JPA repository interfaces.
2023-02-23 11:32:57.730  INFO 115208 --- [restartedMain] trationDelegate$BeanPostProcessorChecker : Bean 'org.springframework.ws.config.annotation.DelegatingWsConfiguration' of type [org.springframework.ws.config.annotation.DelegatingWsConfiguration$$EnhancerBySpringCGLIB$$fded9b87] is not eligible for getting processed by all BeanPostProcessors (for example: not eligible for auto-proxying)
2023-02-23 11:32:57.731  INFO 115208 --- [restartedMain] .w.s.a.s.AnnotationActionEndpointMapping : Supporting [WS-Addressing August 2004, WS-Addressing 1.0]
2023-02-23 11:32:57.866  INFO 115208 --- [restartedMain] o.s.b.w.embedded.tomcat.TomcatWebServer  : Tomcat initialized with port(s): 1234 (http)
2023-02-23 11:32:57.867  INFO 115208 --- [restartedMain] o.apache.catalina.core.StandardService   : Starting service [Tomcat]
2023-02-23 11:32:57.867  INFO 115208 --- [restartedMain] org.apache.catalina.core.StandardEngine  : Starting Servlet engine: [Apache Tomcat/9.0.68]
2023-02-23 11:32:57.905  INFO 115208 --- [restartedMain] o.a.c.c.C.[Tomcat].[localhost].[/]       : Initializing Spring embedded WebApplicationContext
2023-02-23 11:32:57.905  INFO 115208 --- [restartedMain] w.s.c.ServletWebServerApplicationContext : Root WebApplicationContext: initialization completed in 564 ms
2023-02-23 11:32:58.028  INFO 115208 --- [restartedMain] o.hibernate.jpa.internal.util.LogHelper  : HHH000204: Processing PersistenceUnitInfo [name: default]
2023-02-23 11:32:58.036  INFO 115208 --- [restartedMain] com.zaxxer.hikari.HikariDataSource       : HikariPool-2 - Starting...
2023-02-23 11:32:58.056  INFO 115208 --- [restartedMain] com.zaxxer.hikari.HikariDataSource       : HikariPool-2 - Start completed.
2023-02-23 11:32:58.057  INFO 115208 --- [restartedMain] org.hibernate.dialect.Dialect            : HHH000400: Using dialect: org.hibernate.dialect.MySQL8Dialect
2023-02-23 11:32:58.174  INFO 115208 --- [restartedMain] o.h.e.t.j.p.i.JtaPlatformInitiator       : HHH000490: Using JtaPlatform implementation: [org.hibernate.engine.transaction.jta.platform.internal.NoJtaPlatform]
2023-02-23 11:32:58.174  INFO 115208 --- [restartedMain] j.LocalContainerEntityManagerFactoryBean : Initialized JPA EntityManagerFactory for persistence unit 'default'
2023-02-23 11:32:58.527  WARN 115208 --- [restartedMain] JpaBaseConfiguration$JpaWebConfiguration : spring.jpa.open-in-view is enabled by default. Therefore, database queries may be performed during view rendering. Explicitly configure spring.jpa.open-in-view to disable this warning
2023-02-23 11:32:59.412  INFO 115208 --- [restartedMain] o.s.s.web.DefaultSecurityFilterChain     : Will secure any request with [org.springframework.security.web.session.DisableEncodeUrlFilter@79308ae5, org.springframework.security.web.context.request.async.WebAsyncManagerIntegrationFilter@5fcb4db0, org.springframework.security.web.context.SecurityContextPersistenceFilter@79b6b82e, org.springframework.security.web.header.HeaderWriterFilter@5f0d8d95, org.springframework.security.web.csrf.CsrfFilter@2925b4f1, org.springframework.security.web.authentication.logout.LogoutFilter@11bfd55f, org.springframework.security.web.authentication.UsernamePasswordAuthenticationFilter@3d63b1bd, org.springframework.security.web.authentication.ui.DefaultLoginPageGeneratingFilter@4a50c17b, org.springframework.security.web.authentication.ui.DefaultLogoutPageGeneratingFilter@7f05f1ad, org.springframework.security.web.authentication.www.BasicAuthenticationFilter@613420ec, org.springframework.security.web.savedrequest.RequestCacheAwareFilter@39cd4d3e, org.springframework.security.web.servletapi.SecurityContextHolderAwareRequestFilter@2bb14b87, org.springframework.security.web.authentication.AnonymousAuthenticationFilter@3f768de1, org.springframework.security.web.session.SessionManagementFilter@7db01955, org.springframework.security.web.access.ExceptionTranslationFilter@53e30025, org.springframework.security.web.access.intercept.FilterSecurityInterceptor@17f62566]
2023-02-23 11:32:59.493  INFO 115208 --- [restartedMain] o.s.b.d.a.OptionalLiveReloadServer       : LiveReload server is running on port 35729
2023-02-23 11:32:59.512  INFO 115208 --- [restartedMain] o.s.b.w.embedded.tomcat.TomcatWebServer  : Tomcat started on port(s): 1234 (http) with context path ''
2023-02-23 11:32:59.518  INFO 115208 --- [restartedMain] c.e.demo.CrudOperationsApplication       : Started CrudOperationsApplication in 2.236 seconds (JVM running for 583.509)
2023-02-23 11:32:59.522  INFO 115208 --- [restartedMain] .ConditionEvaluationDeltaLoggingListener : Condition evaluation unchanged
2023-02-23 11:53:27.785  INFO 115208 --- [http-nio-1234-exec-1] o.a.c.c.C.[Tomcat].[localhost].[/]       : Initializing Spring DispatcherServlet 'dispatcherServlet'
2023-02-23 11:53:27.787  INFO 115208 --- [http-nio-1234-exec-1] o.s.web.servlet.DispatcherServlet        : Initializing Servlet 'dispatcherServlet'
2023-02-23 11:53:27.791  INFO 115208 --- [http-nio-1234-exec-1] o.s.web.servlet.DispatcherServlet        : Completed initialization in 4 ms
2023-02-23 11:53:28.220  INFO 115208 --- [http-nio-1234-exec-1] com.example.demo.aop.LoggingAdvice       : method invoked class com.example.demo.controller.MyController : getUser()arguments : []
2023-02-23 11:53:28.220 ERROR 115208 --- [http-nio-1234-exec-1] com.example.demo.aop.LoggingAdvice       : Before method invoked: [Ljava.lang.Object;@63211652
2023-02-23 11:53:28.227  INFO 115208 --- [http-nio-1234-exec-1] com.example.demo.aop.LoggingAdvice       : method invoked class com.example.demo.service.UserService : findAll()arguments : []
2023-02-23 11:53:28.227 ERROR 115208 --- [http-nio-1234-exec-1] com.example.demo.aop.LoggingAdvice       : Before method invoked: [Ljava.lang.Object;@1fa82727
2023-02-23 11:53:28.521  INFO 115208 --- [http-nio-1234-exec-1] com.example.demo.aop.LoggingAdvice       : After returning method invoked: [Ljava.lang.Object;@1fa82727
2023-02-23 11:53:28.521  INFO 115208 --- [http-nio-1234-exec-1] com.example.demo.aop.LoggingAdvice       : After method invoked: [Ljava.lang.Object;@1fa82727
2023-02-23 11:53:28.569  INFO 115208 --- [http-nio-1234-exec-1] com.example.demo.aop.LoggingAdvice       : class com.example.demo.service.UserService : findAll()Response : [{"id":0,"name":"Sats","salary":99999,"address":"Madurai","emailid":"sats@gmail.com"},{"id":8,"name":"sakth","salary":500,"address":"hosur","emailid":"gopa@.com"},{"id":15,"name":"Jerry","salary":500000,"address":"france","emailid":"chan@.com"},{"id":16,"name":"Jack","salary":7000,"address":"Italy","emailid":"jack@.com"},{"id":22,"name":"Sats","salary":99999,"address":"Madurai","emailid":"sats@gmail.com"},{"id":23,"name":"Sats","salary":99999,"address":"Madurai","emailid":"sats@gmail.com"},{"id":99,"name":"Dhanush","salary":12000,"address":"America","emailid":"sak@com"},{"id":101,"name":"Sats","salary":99999,"address":"Madurai","emailid":"sats@gmail.com"},{"id":221,"name":"Kumar","salary":10000,"address":"Chennai","emailid":"kumar@gmail.com"},{"id":243,"name":"dinesh","salary":37000,"address":"london","emailid":"dk@gmail.com"},{"id":265,"name":"raghu","salary":12345,"address":"madurai","emailid":"sath@gmail.com"}]
2023-02-23 11:53:28.570  INFO 115208 --- [http-nio-1234-exec-1] com.example.demo.aop.LoggingAdvice       : After returning method invoked: [Ljava.lang.Object;@63211652
2023-02-23 11:53:28.570  INFO 115208 --- [http-nio-1234-exec-1] com.example.demo.aop.LoggingAdvice       : After method invoked: [Ljava.lang.Object;@63211652
2023-02-23 11:53:28.572  INFO 115208 --- [http-nio-1234-exec-1] com.example.demo.aop.LoggingAdvice       : class com.example.demo.controller.MyController : getUser()Response : [{"id":0,"name":"Sats","salary":99999,"address":"Madurai","emailid":"sats@gmail.com"},{"id":8,"name":"sakth","salary":500,"address":"hosur","emailid":"gopa@.com"},{"id":15,"name":"Jerry","salary":500000,"address":"france","emailid":"chan@.com"},{"id":16,"name":"Jack","salary":7000,"address":"Italy","emailid":"jack@.com"},{"id":22,"name":"Sats","salary":99999,"address":"Madurai","emailid":"sats@gmail.com"},{"id":23,"name":"Sats","salary":99999,"address":"Madurai","emailid":"sats@gmail.com"},{"id":99,"name":"Dhanush","salary":12000,"address":"America","emailid":"sak@com"},{"id":101,"name":"Sats","salary":99999,"address":"Madurai","emailid":"sats@gmail.com"},{"id":221,"name":"Kumar","salary":10000,"address":"Chennai","emailid":"kumar@gmail.com"},{"id":243,"name":"dinesh","salary":37000,"address":"london","emailid":"dk@gmail.com"},{"id":265,"name":"raghu","salary":12345,"address":"madurai","emailid":"sath@gmail.com"}]
2023-02-23 11:54:09.766  WARN 115208 --- [http-nio-1234-exec-4] .w.s.m.s.DefaultHandlerExceptionResolver : Resolved [org.springframework.web.HttpRequestMethodNotSupportedException: Request method 'GET' not supported]
2023-02-23 11:57:08.557  INFO 115208 --- [File Watcher] rtingClassPathChangeChangedEventListener : Restarting due to 2 class path changes (0 additions, 0 deletions, 2 modifications)
2023-02-23 11:57:08.579  INFO 115208 --- [Thread-7] o.apache.catalina.core.StandardService   : Stopping service [Tomcat]
2023-02-23 11:57:08.580  INFO 115208 --- [Thread-7] o.a.c.c.C.[Tomcat].[localhost].[/]       : Destroying Spring FrameworkServlet 'dispatcherServlet'
2023-02-23 11:57:08.591  INFO 115208 --- [Thread-7] j.LocalContainerEntityManagerFactoryBean : Closing JPA EntityManagerFactory for persistence unit 'default'
2023-02-23 11:57:08.592  INFO 115208 --- [Thread-7] com.zaxxer.hikari.HikariDataSource       : HikariPool-2 - Shutdown initiated...
2023-02-23 11:57:08.598  INFO 115208 --- [Thread-7] com.zaxxer.hikari.HikariDataSource       : HikariPool-2 - Shutdown completed.
